[2014-10-28 14:20:05] START
[2014-10-28 14:45:28] EDIT screw_it/models/db.py: 8
[2014-10-28 15:12:26] EDIT screw_it/models/db.py: 0
[2014-10-28 15:14:17] EDIT screw_it/models/db.py: 0
[2014-10-28 15:15:03] EDIT screw_it/models/db.py: -1
[2014-10-28 15:15:53] EDIT screw_it/models/db.py: 1
[2014-10-28 15:18:44] EDIT screw_it/models/db.py: 0
[2014-10-28 15:18:56] EDIT screw_it/models/db.py: 0
[2014-10-28 15:18:58] EDIT screw_it/models/db.py: 0
[2014-10-28 15:20:54] EDIT screw_it/models/db.py: -27
[2014-10-28 15:21:05] EDIT screw_it/models/db.py: -1
[2014-10-28 15:23:03] EDIT screw_it/models/db.py: -1
[2014-10-28 15:23:13] EDIT screw_it/models/db.py: 0
[2014-10-28 15:23:29] EDIT screw_it/models/db.py: 7
[2014-10-28 15:23:41] EDIT screw_it/models/db.py: 0
[2014-10-28 15:23:57] EDIT screw_it/models/db.py: -2
[2014-10-28 15:24:19] EDIT screw_it/models/db.py: 6
[2014-10-28 15:24:42] EDIT screw_it/models/db.py: 4
[2014-10-28 15:24:47] EDIT screw_it/models/db.py: 1
[2014-10-28 15:25:35] EDIT screw_it/models/db.py: 7
[2014-10-28 15:25:38] EDIT screw_it/models/db.py: 0
[2014-10-28 15:25:42] EDIT screw_it/models/db.py: 1
[2014-10-28 15:26:13] EDIT screw_it/models/db.py: 1
[2014-10-28 15:26:46] EDIT screw_it/models/db.py: 0
[2014-10-28 15:26:52] EDIT screw_it/models/db.py: 0
[2014-10-28 15:26:54] EDIT screw_it/models/db.py: 0
[2014-10-28 15:26:54] EDIT screw_it/models/db.py: 0
[2014-10-28 15:26:55] EDIT screw_it/models/db.py: 0
[2014-10-28 15:26:55] EDIT screw_it/models/db.py: 0
[2014-10-28 15:27:01] EDIT screw_it/models/db.py: 0
[2014-10-28 15:27:04] EDIT screw_it/models/db.py: 0
[2014-10-28 15:28:21] EDIT screw_it/models/db.py: 0
[2014-10-28 15:28:33] EDIT screw_it/models/db.py: 0
[2014-10-28 15:28:52] EDIT screw_it/models/db.py: 0
[2014-10-28 15:29:01] EDIT screw_it/models/db.py: 0
[2014-11-04 14:06:24] EDIT screw_it/models/db.py: 0
[2014-11-04 14:10:42] EDIT screw_it/models/db.py: 0
[2014-11-04 14:17:04] EDIT screw_it/models/db.py: 0
[2014-11-04 14:18:33] EDIT screw_it/models/db.py: 0
[2014-11-04 14:19:06] EDIT screw_it/models/db.py: 0
[2014-11-04 14:20:03] EDIT screw_it/models/db.py: 0
[2014-11-04 14:21:10] EDIT screw_it/models/db.py: 0
[2014-11-04 14:22:08] EDIT screw_it/models/db.py: 0
[2014-11-04 14:29:31] EDIT screw_it/models/db.py: 1
[2014-11-04 14:31:52] EDIT screw_it/models/db.py: 0
[2014-11-04 14:35:01] EDIT screw_it/models/db.py: 0
[2014-11-04 14:38:25] EDIT screw_it/models/db.py: 1
[2014-11-04 14:38:30] EDIT screw_it/models/db.py: 0
[2014-11-04 14:43:47] EDIT screw_it/models/db.py: 0
[2014-11-04 14:44:24] EDIT screw_it/models/db.py: 0
[2014-11-04 14:44:41] EDIT screw_it/models/db.py: 0
[2014-11-04 14:44:55] EDIT screw_it/models/db.py: 0
[2014-11-04 14:46:34] EDIT screw_it/models/db.py: 0
[2014-11-04 14:46:42] EDIT screw_it/models/db.py: 0
[2014-11-04 14:47:14] EDIT screw_it/models/db.py: 1
[2014-11-04 14:47:22] EDIT screw_it/models/db.py: 0
[2014-11-04 14:47:32] EDIT screw_it/models/db.py: 0
[2014-11-04 14:47:55] EDIT screw_it/models/db.py: 0
[2014-11-04 14:48:08] EDIT screw_it/models/db.py: 0
[2014-11-04 14:48:31] EDIT screw_it/models/db.py: 0
[2014-11-04 14:49:27] EDIT screw_it/models/db.py: 0
[2014-11-04 14:49:42] EDIT screw_it/models/db.py: 0
[2014-11-04 14:49:45] EDIT screw_it/models/db.py: 0
[2014-11-04 14:49:52] EDIT screw_it/models/db.py: 0
[2014-11-04 14:50:36] EDIT screw_it/models/db.py: 0
[2014-11-04 14:50:52] EDIT screw_it/models/db.py: 0
[2014-11-04 14:51:02] EDIT screw_it/models/db.py: 0
[2014-11-04 14:51:12] EDIT screw_it/models/db.py: 0
[2014-11-04 14:51:29] EDIT screw_it/models/db.py: 0
[2014-11-04 14:51:33] EDIT screw_it/models/db.py: 0
[2014-11-04 14:52:18] EDIT screw_it/models/db.py: 0
[2014-11-04 14:53:17] EDIT screw_it/models/db.py: 0
[2014-11-04 14:53:42] EDIT screw_it/models/db.py: 0
[2014-11-04 14:54:32] EDIT screw_it/models/db.py: 0
[2014-11-04 14:56:54] EDIT screw_it/models/db.py: 0
[2014-11-04 14:58:36] EDIT screw_it/models/db.py: 1
[2014-11-04 14:58:50] EDIT screw_it/models/db.py: 0
[2014-11-04 15:00:06] EDIT screw_it/models/db.py: 0
[2014-11-04 15:00:17] EDIT screw_it/models/db.py: 0
[2014-11-04 15:00:36] EDIT screw_it/models/db.py: 0
[2014-11-04 15:02:18] EDIT screw_it/models/db.py: 0
[2014-11-04 15:05:02] EDIT screw_it/models/db.py: -2
[2014-11-04 15:06:36] EDIT screw_it/models/db.py: 3
[2014-11-04 15:06:43] EDIT screw_it/models/db.py: 0
[2014-11-04 15:07:00] EDIT screw_it/models/db.py: 0
[2014-11-04 15:08:27] EDIT screw_it/models/db.py: 1
[2014-11-04 15:08:39] EDIT screw_it/models/db.py: 0
[2014-11-04 15:10:20] EDIT screw_it/models/db.py: 1
[2014-11-04 15:10:23] EDIT screw_it/models/db.py: 0
[2014-11-04 15:10:32] EDIT screw_it/models/db.py: 0
[2014-11-04 15:11:13] EDIT screw_it/models/db.py: 0
[2014-11-04 15:11:33] EDIT screw_it/models/db.py: 0
[2014-11-04 15:12:17] EDIT screw_it/models/db.py: 0
[2014-11-04 15:12:23] EDIT screw_it/models/db.py: 0
[2014-11-04 15:13:32] EDIT screw_it/models/db.py: 1
[2014-11-04 15:13:43] EDIT screw_it/models/db.py: 1
[2014-11-04 15:14:45] EDIT screw_it/models/db.py: 0
[2014-11-04 15:14:55] EDIT screw_it/models/db.py: 0
[2014-11-04 15:15:24] EDIT screw_it/models/db.py: 0
[2014-11-04 15:15:43] EDIT screw_it/models/db.py: 0
[2014-11-04 15:15:49] EDIT screw_it/models/db.py: 0
[2014-11-04 15:16:26] EDIT screw_it/models/db.py: 0
[2014-11-04 15:20:20] EDIT screw_it/models/db.py: 0
[2014-11-04 15:20:43] EDIT screw_it/models/db.py: 0
[2014-11-04 15:21:45] EDIT screw_it/models/db.py: 0
[2014-11-04 15:22:13] EDIT screw_it/models/db.py: 0
[2014-11-04 15:22:30] EDIT screw_it/models/db.py: 0
[2014-11-04 15:22:49] EDIT screw_it/models/db.py: 0
[2014-11-04 15:23:30] EDIT screw_it/models/db.py: 0
[2014-11-04 15:23:35] EDIT screw_it/models/db.py: 0
[2014-11-04 15:25:12] EDIT screw_it/models/db.py: 0
[2014-11-04 15:25:21] EDIT screw_it/models/db.py: 0
[2014-11-04 15:26:12] EDIT screw_it/models/db.py: 0
[2014-11-04 15:26:16] EDIT screw_it/models/db.py: 0
[2014-11-04 15:26:25] EDIT screw_it/models/db.py: 0
[2014-11-04 15:27:38] EDIT screw_it/models/db.py: 1
[2014-11-04 15:28:00] EDIT screw_it/models/db.py: 0
[2014-11-04 15:28:14] EDIT screw_it/models/db.py: 1
[2014-11-04 15:29:48] EDIT screw_it/models/db.py: 1
[2014-11-04 15:30:40] EDIT screw_it/models/db.py: 0
[2014-11-04 15:32:16] EDIT screw_it/models/db.py: 0
[2014-11-04 15:33:56] EDIT screw_it/models/db.py: 0
[2014-11-04 15:35:15] EDIT screw_it/models/db.py: 0
[2014-11-05 16:56:08] EDIT screw_it/models/db.py: 0
[2014-11-05 17:01:43] EDIT screw_it/models/db.py: 0
[2014-11-05 17:02:22] EDIT screw_it/models/db.py: 0
[2014-11-05 17:04:45] EDIT screw_it/models/db.py: 0
[2014-11-05 17:05:11] EDIT screw_it/models/db.py: 0
[2014-11-05 17:06:26] EDIT screw_it/models/db.py: 0
[2014-11-05 17:06:39] EDIT screw_it/models/db.py: 0
[2014-11-05 17:06:43] EDIT screw_it/models/db.py: 0
[2014-11-05 17:08:23] EDIT screw_it/models/db.py: -1
[2014-11-05 17:08:55] EDIT screw_it/models/db.py: -1
[2014-11-05 17:16:14] EDIT screw_it/models/db.py: 0
[2014-11-05 17:16:56] EDIT screw_it/models/db.py: 0
[2014-11-05 17:17:43] EDIT screw_it/models/db.py: 0
[2014-11-05 17:19:54] EDIT screw_it/models/db.py: 0
[2014-11-05 17:22:08] EDIT screw_it/models/db.py: 0
[2014-11-05 17:23:19] EDIT screw_it/models/db.py: 0
[2014-11-05 17:23:46] EDIT screw_it/models/db.py: 0
[2014-11-05 17:24:13] EDIT screw_it/models/db.py: 0
[2014-11-05 17:24:59] EDIT screw_it/models/db.py: 1
[2014-11-05 17:25:05] EDIT screw_it/models/db.py: 0
[2014-11-05 17:25:37] EDIT screw_it/models/db.py: 0
[2014-11-05 17:25:57] EDIT screw_it/models/db.py: 0
[2014-11-05 17:25:58] EDIT screw_it/models/db.py: 0
[2014-11-05 17:27:33] EDIT screw_it/models/db.py: 0
[2014-11-05 17:29:42] EDIT screw_it/models/db.py: 0
[2014-11-05 17:30:03] EDIT screw_it/models/db.py: -1
[2014-11-05 17:31:47] EDIT screw_it/models/db.py: 0
[2014-11-05 17:34:38] EDIT screw_it/models/db.py: 0
[2014-11-05 18:53:35] EDIT screw_it/models/db.py: 0
[2014-11-05 18:54:11] EDIT screw_it/models/db.py: 0
[2014-11-05 18:59:47] EDIT screw_it/models/db.py: -1
[2014-11-05 19:03:38] EDIT screw_it/models/db.py: 0
[2014-11-05 19:04:09] EDIT screw_it/models/db.py: 0
[2014-11-05 19:04:11] EDIT screw_it/models/db.py: 0
[2014-11-05 19:04:13] EDIT screw_it/models/db.py: 0
[2014-11-05 19:04:18] EDIT screw_it/models/db.py: 0
[2014-11-05 19:04:20] EDIT screw_it/models/db.py: 0
[2014-11-05 19:04:20] EDIT screw_it/models/db.py: 0
[2014-11-05 19:04:44] EDIT screw_it/models/db.py: 0
[2014-11-05 19:05:21] EDIT screw_it/models/db.py: 0
[2014-11-05 19:05:34] EDIT screw_it/models/db.py: 0
[2014-11-05 19:05:43] EDIT screw_it/models/db.py: 0
[2014-11-05 19:07:52] EDIT screw_it/models/db.py: 0
[2014-11-05 19:09:13] EDIT screw_it/models/db.py: 0
[2014-11-05 19:09:23] EDIT screw_it/models/db.py: 0
[2014-11-05 19:09:25] EDIT screw_it/models/db.py: 0
[2014-11-05 19:09:52] EDIT screw_it/models/db.py: -2
[2014-11-05 19:10:25] EDIT screw_it/models/db.py: -3
[2014-11-05 19:10:45] EDIT screw_it/models/db.py: 0
[2014-11-05 19:11:42] EDIT screw_it/models/db.py: 0
[2014-11-05 19:11:43] EDIT screw_it/models/db.py: 0
[2014-11-05 19:12:16] EDIT screw_it/models/db.py: 0
[2014-11-05 19:12:31] EDIT screw_it/models/db.py: 0
[2014-11-05 19:12:54] EDIT screw_it/models/db.py: 0
[2014-11-05 19:12:59] EDIT screw_it/models/db.py: 0
[2014-11-05 19:13:07] EDIT screw_it/models/db.py: 0
[2014-11-05 19:13:15] EDIT screw_it/models/db.py: -1
[2014-11-05 19:16:17] EDIT screw_it/models/db.py: 0
[2014-11-05 19:16:49] EDIT screw_it/models/db.py: 1
[2014-11-05 19:23:51] EDIT screw_it/models/db.py: -2
[2014-11-05 19:25:12] EDIT screw_it/models/db.py: 1
[2014-11-05 19:25:22] EDIT screw_it/models/db.py: 0
[2014-11-05 19:25:32] EDIT screw_it/models/db.py: -1
[2014-11-05 19:26:55] EDIT screw_it/models/db.py: 3
[2014-11-05 19:27:03] EDIT screw_it/models/db.py: -2
[2014-11-05 19:27:07] EDIT screw_it/models/db.py: 0
[2014-11-05 19:27:53] EDIT screw_it/models/db.py: 0
[2014-11-05 19:28:02] EDIT screw_it/models/db.py: 0
[2014-11-05 19:29:09] EDIT screw_it/models/db.py: 0
[2014-11-05 19:29:56] EDIT screw_it/models/db.py: 0
[2014-11-05 19:31:25] EDIT screw_it/models/db.py: 3
[2014-11-05 19:32:22] EDIT screw_it/models/db.py: 0
[2014-11-05 19:33:32] EDIT screw_it/models/db.py: 0
[2014-11-05 19:35:11] EDIT screw_it/models/db.py: -1
[2014-11-05 19:35:16] EDIT screw_it/models/db.py: 0
[2014-11-05 19:35:28] EDIT screw_it/models/db.py: 1
[2014-11-05 19:35:39] EDIT screw_it/models/db.py: 0
[2014-11-05 19:36:47] EDIT screw_it/models/db.py: 0
[2014-11-05 19:37:15] EDIT screw_it/models/db.py: 1
[2014-11-05 19:37:18] EDIT screw_it/models/db.py: 0
[2014-11-05 19:37:39] EDIT screw_it/models/db.py: -3
[2014-11-05 19:37:43] EDIT screw_it/models/db.py: 0
[2014-11-05 19:38:09] EDIT screw_it/models/db.py: 0
[2014-11-05 19:38:46] EDIT screw_it/models/db.py: 0
[2014-11-05 19:42:27] EDIT screw_it/models/db.py: 0
[2014-11-05 19:42:54] EDIT screw_it/models/db.py: 0
[2014-11-05 19:43:15] EDIT screw_it/models/db.py: 0
[2014-11-05 19:43:27] EDIT screw_it/models/db.py: 0
[2014-11-05 19:44:21] EDIT screw_it/models/db.py: 0
[2014-11-05 19:45:41] EDIT screw_it/models/db.py: 4
[2014-11-05 19:45:51] EDIT screw_it/models/db.py: 0
[2014-11-05 19:46:09] EDIT screw_it/models/db.py: 0
[2014-11-05 19:47:10] EDIT screw_it/models/db.py: 1
[2014-11-05 19:47:20] EDIT screw_it/models/db.py: 0
[2014-11-05 19:47:28] EDIT screw_it/models/db.py: 0
[2014-11-05 19:48:52] EDIT screw_it/models/db.py: -1
[2014-11-05 19:49:15] EDIT screw_it/models/db.py: -4
[2014-11-05 19:49:27] EDIT screw_it/models/db.py: 0
[2014-11-05 19:51:18] EDIT screw_it/models/db.py: 1
[2014-11-05 19:51:26] EDIT screw_it/models/db.py: 0
[2014-11-05 19:52:56] EDIT screw_it/models/db.py: 0
[2014-11-05 19:53:16] EDIT screw_it/models/db.py: 0
[2014-11-05 19:53:31] EDIT screw_it/models/db.py: 0
[2014-11-05 19:53:50] EDIT screw_it/models/db.py: 0
[2014-11-05 19:54:11] EDIT screw_it/models/db.py: 0
[2014-11-05 19:54:25] EDIT screw_it/models/db.py: 0
[2014-11-05 19:54:31] EDIT screw_it/models/db.py: 0
[2014-11-05 19:55:08] EDIT screw_it/models/db.py: -1
[2014-11-05 19:55:13] EDIT screw_it/models/db.py: 0
[2014-11-05 19:55:19] EDIT screw_it/models/db.py: 0
[2014-11-05 19:56:04] EDIT screw_it/models/db.py: 1
[2014-11-05 19:56:57] EDIT screw_it/models/db.py: 1
[2014-11-05 19:57:02] EDIT screw_it/models/db.py: 0
[2014-11-05 19:57:56] EDIT screw_it/models/db.py: -2
[2014-11-05 20:00:44] EDIT screw_it/models/db.py: 2
[2014-11-05 20:00:55] EDIT screw_it/models/db.py: 0
[2014-11-05 20:01:14] EDIT screw_it/models/db.py: 0
[2014-11-05 20:02:10] EDIT screw_it/models/db.py: -1
[2014-11-05 20:02:14] EDIT screw_it/models/db.py: 0
[2014-11-05 20:02:51] EDIT screw_it/models/db.py: 0
[2014-11-05 20:03:19] EDIT screw_it/models/db.py: 0
[2014-11-05 20:04:13] EDIT screw_it/models/db.py: 1
[2014-11-05 20:04:24] EDIT screw_it/models/db.py: -1
[2014-11-05 20:04:55] EDIT screw_it/models/db.py: -1
[2014-11-05 20:05:17] EDIT screw_it/models/db.py: 0
[2014-11-05 20:05:37] EDIT screw_it/models/db.py: 0
[2014-11-05 20:05:50] EDIT screw_it/models/db.py: -2
[2014-11-05 20:08:52] EDIT screw_it/models/db.py: 3
[2014-11-05 20:10:31] EDIT screw_it/models/db.py: 1
[2014-11-05 20:10:33] EDIT screw_it/models/db.py: 0
[2014-11-05 20:10:50] EDIT screw_it/models/db.py: 0
[2014-11-05 20:10:58] EDIT screw_it/models/db.py: 0
[2014-11-05 20:11:47] EDIT screw_it/models/db.py: 0
[2014-11-05 20:11:54] EDIT screw_it/models/db.py: 0
[2014-11-05 20:12:33] EDIT screw_it/models/db.py: 0
[2014-11-05 20:16:02] EDIT screw_it/models/db.py: -1
[2014-11-05 20:16:44] EDIT screw_it/models/db.py: 0
[2014-11-05 20:17:02] EDIT screw_it/models/db.py: 0
[2014-11-05 20:18:22] EDIT screw_it/models/db.py: 0
[2014-11-05 20:18:33] EDIT screw_it/models/db.py: 0
[2014-11-05 20:18:56] EDIT screw_it/models/db.py: 0
[2014-11-05 20:19:01] EDIT screw_it/models/db.py: 0
[2014-11-05 20:19:29] EDIT screw_it/models/db.py: 0
[2014-11-05 20:20:03] EDIT screw_it/models/db.py: 0
[2014-11-05 20:20:10] EDIT screw_it/models/db.py: 0
[2014-11-05 20:20:59] EDIT screw_it/models/db.py: 0
[2014-11-05 20:21:59] EDIT screw_it/models/db.py: 0
[2014-11-05 20:22:01] EDIT screw_it/models/db.py: 1
[2014-11-05 20:22:36] EDIT screw_it/models/db.py: 0
[2014-11-05 20:22:37] EDIT screw_it/models/db.py: 0
[2014-11-05 20:23:22] EDIT screw_it/models/db.py: 0
[2014-11-05 20:23:24] EDIT screw_it/models/db.py: 0
[2014-11-05 20:23:52] EDIT screw_it/models/db.py: 0
[2014-11-05 20:24:10] EDIT screw_it/models/db.py: 0
[2014-11-05 20:24:24] EDIT screw_it/models/db.py: 0
[2014-11-05 20:24:35] EDIT screw_it/models/db.py: 0
[2014-11-05 20:24:41] EDIT screw_it/models/db.py: 0
[2014-11-05 20:24:55] EDIT screw_it/models/db.py: 0
[2014-11-05 20:25:00] EDIT screw_it/models/db.py: 0
[2014-11-05 20:26:13] EDIT screw_it/models/db.py: 0
[2014-11-05 20:26:18] EDIT screw_it/models/db.py: 0
[2014-11-05 20:30:10] EDIT screw_it/models/db.py: 0
[2014-11-05 20:31:29] EDIT screw_it/models/db.py: -1
[2014-11-05 20:31:54] EDIT screw_it/models/db.py: 0
[2014-11-05 20:31:54] EDIT screw_it/models/db.py: 0
[2014-11-05 20:31:54] EDIT screw_it/models/db.py: 0
[2014-11-05 20:31:55] EDIT screw_it/models/db.py: 0
[2014-11-05 20:31:55] EDIT screw_it/models/db.py: 0
[2014-11-05 20:31:55] EDIT screw_it/models/db.py: 0
[2014-11-05 20:31:55] EDIT screw_it/models/db.py: 0
[2014-11-05 20:32:05] EDIT screw_it/models/db.py: 0
[2014-11-05 20:32:36] EDIT screw_it/models/db.py: 0
[2014-11-05 20:32:48] EDIT screw_it/models/db.py: 0
[2014-11-05 20:33:01] EDIT screw_it/models/db.py: 1
[2014-11-05 20:33:11] EDIT screw_it/models/db.py: 0
[2014-11-05 20:33:22] EDIT screw_it/models/db.py: 0
[2014-11-05 20:33:53] EDIT screw_it/models/db.py: 0
[2014-11-05 20:34:23] EDIT screw_it/models/db.py: 1
[2014-11-05 20:34:41] EDIT screw_it/models/db.py: -1
[2014-11-05 20:35:03] EDIT screw_it/models/db.py: 1
[2014-11-05 20:37:24] EDIT screw_it/models/db.py: 0
[2014-11-05 20:37:31] EDIT screw_it/models/db.py: 0
[2014-11-05 20:39:08] EDIT screw_it/models/db.py: 0
[2014-11-05 20:44:16] EDIT screw_it/models/db.py: 0
[2014-11-05 20:47:31] EDIT screw_it/controllers/default.py: -42
[2014-12-01 11:12:16] CREATE hardwarestore.py: 0
[2014-12-01 11:12:22] EDIT screw_it/models/hardwarestore.py: 38
[2014-12-01 11:13:14] DELETE screw_it/models/db.py: -38
[2014-12-01 11:17:49] EDIT screw_it/models/hardwarestore.py: 2
[2014-12-01 11:18:27] EDIT screw_it/controllers/default.py: -7
[2014-12-01 11:26:30] EDIT screw_it/controllers/default.py: 0
[2014-12-01 11:31:09] EDIT screw_it/views/default/index.html: -31
[2014-12-01 11:31:46] EDIT screw_it/controllers/default.py: 0
[2014-12-01 11:31:57] EDIT screw_it/models/hardwarestore.py: 0
[2014-12-01 11:32:17] EDIT screw_it/models/hardwarestore.py: 1
[2014-12-01 11:32:53] EDIT screw_it/controllers/default.py: 2
[2014-12-01 11:33:54] EDIT screw_it/views/default/index.html: 1
[2014-12-01 11:34:25] EDIT screw_it/views/default/index.html: 0
[2014-12-01 11:34:44] EDIT screw_it/controllers/default.py: 0
[2014-12-01 11:34:57] EDIT screw_it/controllers/default.py: 0
[2014-12-01 11:37:31] EDIT screw_it/views/default/index.html: 20
[2014-12-01 11:38:16] EDIT screw_it/controllers/default.py: 3
[2014-12-01 11:42:02] EDIT screw_it/views/default/index.html: 2
[2014-12-01 11:42:53] EDIT screw_it/views/default/index.html: 2
[2014-12-01 11:46:13] EDIT screw_it/views/default/index.html: 1
[2014-12-01 11:47:18] EDIT screw_it/views/default/index.html: 0
[2014-12-01 11:47:33] EDIT screw_it/views/default/index.html: 0
[2014-12-01 11:49:43] EDIT screw_it/views/default/index.html: 1
[2014-12-01 11:50:03] EDIT screw_it/views/default/index.html: 0
[2014-12-01 11:51:46] EDIT screw_it/views/default/index.html: 1
[2014-12-01 11:52:01] EDIT screw_it/views/default/index.html: 0
[2014-12-01 11:52:17] EDIT screw_it/views/default/index.html: 0
[2014-12-01 11:53:31] EDIT screw_it/views/default/index.html: 0
[2014-12-01 11:53:59] EDIT screw_it/views/default/index.html: 0
[2014-12-01 11:54:15] EDIT screw_it/views/default/index.html: 0
[2014-12-01 11:54:58] EDIT screw_it/views/default/index.html: 1
[2014-12-01 11:55:05] EDIT screw_it/views/default/index.html: -1
[2014-12-01 11:55:20] EDIT screw_it/views/default/index.html: -1
[2014-12-01 12:13:49] EDIT screw_it/views/default/index.html: 3
[2014-12-01 12:14:19] EDIT screw_it/views/default/index.html: 0
[2014-12-01 12:14:26] EDIT screw_it/views/default/index.html: 0
[2014-12-01 12:15:32] EDIT screw_it/views/default/index.html: 0
[2014-12-01 12:16:44] EDIT screw_it/views/default/index.html: 1
[2014-12-01 12:16:47] EDIT screw_it/views/default/index.html: 0
[2014-12-01 12:19:32] EDIT screw_it/views/default/index.html: 0
[2014-12-01 12:19:36] EDIT screw_it/views/default/index.html: 0
[2014-12-01 12:20:12] EDIT screw_it/views/default/index.html: 0
[2014-12-01 12:20:32] EDIT screw_it/views/default/index.html: 0
[2014-12-01 12:20:48] EDIT screw_it/views/default/index.html: 0
[2014-12-01 12:21:45] EDIT screw_it/views/default/index.html: 0
[2014-12-01 12:23:32] EDIT screw_it/views/default/index.html: 0
[2014-12-01 12:24:21] EDIT screw_it/views/default/index.html: 1
[2014-12-01 12:24:30] EDIT screw_it/views/default/index.html: -1
[2014-12-01 12:25:04] EDIT screw_it/views/default/index.html: 2
[2014-12-01 12:26:29] EDIT screw_it/views/default/index.html: 0
[2014-12-01 12:26:52] EDIT screw_it/views/default/index.html: 0
[2014-12-01 12:35:50] EDIT screw_it/models/hardwarestore.py: -17
[2014-12-01 12:35:55] EDIT screw_it/models/hardwarestore.py: 0
[2014-12-01 12:35:57] EDIT screw_it/models/hardwarestore.py: 0
[2014-12-01 12:36:06] EDIT screw_it/models/hardwarestore.py: 0
[2014-12-01 12:36:08] EDIT screw_it/models/hardwarestore.py: 0
[2014-12-01 12:38:42] EDIT screw_it/models/hardwarestore.py: 4
[2014-12-01 12:38:46] EDIT screw_it/models/hardwarestore.py: 0
[2014-12-01 12:38:48] EDIT screw_it/models/hardwarestore.py: 0
[2014-12-01 12:39:12] EDIT screw_it/models/hardwarestore.py: 0
[2014-12-01 12:39:22] EDIT screw_it/models/hardwarestore.py: 0
[2014-12-01 12:41:53] EDIT screw_it/models/hardwarestore.py: 0
[2014-12-01 12:42:20] EDIT screw_it/models/hardwarestore.py: 0
[2014-12-01 12:42:34] EDIT screw_it/models/hardwarestore.py: -4
[2014-12-01 12:42:57] EDIT screw_it/models/hardwarestore.py: 0
[2014-12-01 12:43:12] EDIT screw_it/models/hardwarestore.py: -2
[2014-12-01 12:44:03] EDIT screw_it/models/hardwarestore.py: 1
[2014-12-01 12:44:15] EDIT screw_it/models/hardwarestore.py: -3
[2014-12-01 12:44:27] EDIT screw_it/models/hardwarestore.py: 1
[2014-12-01 12:44:33] EDIT screw_it/models/hardwarestore.py: 0
[2014-12-01 12:44:59] EDIT screw_it/models/hardwarestore.py: -8
[2014-12-01 12:45:16] EDIT screw_it/models/hardwarestore.py: -2
[2014-12-01 12:45:30] EDIT screw_it/models/hardwarestore.py: -4
[2014-12-01 12:46:23] EDIT screw_it/models/hardwarestore.py: 0
[2014-12-01 12:46:46] EDIT screw_it/models/hardwarestore.py: 0
[2014-12-01 16:01:13] EDIT screw_it/models/hardwarestore.py: 0
[2014-12-01 16:06:16] EDIT screw_it/controllers/default.py: 1
[2014-12-01 16:06:24] EDIT screw_it/controllers/default.py: 0
[2014-12-01 16:07:28] EDIT screw_it/controllers/default.py: 0
[2014-12-01 16:07:36] EDIT screw_it/controllers/default.py: 0
[2014-12-01 16:08:05] EDIT screw_it/views/default/index.html: 3
[2014-12-01 16:08:19] EDIT screw_it/views/default/index.html: 0
[2014-12-01 16:09:15] EDIT screw_it/views/default/index.html: 0
[2014-12-01 16:09:42] EDIT screw_it/controllers/default.py: 0
[2014-12-01 16:10:03] EDIT screw_it/controllers/default.py: 1
[2014-12-01 16:10:23] EDIT screw_it/controllers/default.py: -3
[2014-12-01 16:10:30] EDIT screw_it/controllers/default.py: -2
[2014-12-01 16:11:01] EDIT screw_it/views/default/index.html: -3
[2014-12-01 16:11:17] EDIT screw_it/views/default/index.html: 3
[2014-12-01 16:11:30] EDIT screw_it/controllers/default.py: -1
[2014-12-01 16:12:01] EDIT screw_it/controllers/default.py: 0
[2014-12-01 16:12:09] EDIT screw_it/controllers/default.py: 0
[2014-12-01 16:12:48] EDIT screw_it/controllers/default.py: 0
[2014-12-01 16:17:59] EDIT screw_it/views/default/index.html: 1
[2014-12-01 16:18:10] EDIT screw_it/views/default/index.html: 0
[2014-12-01 16:18:24] EDIT screw_it/views/default/index.html: 0
[2014-12-01 16:18:31] EDIT screw_it/views/default/index.html: 0
[2014-12-01 16:18:49] EDIT screw_it/views/default/index.html: 0
[2014-12-01 16:19:33] EDIT screw_it/views/default/index.html: 0
[2014-12-01 16:19:43] EDIT screw_it/views/default/index.html: 0
[2014-12-01 16:20:04] EDIT screw_it/views/default/index.html: 0
[2014-12-01 16:20:25] EDIT screw_it/views/default/index.html: 0
[2014-12-01 16:20:31] EDIT screw_it/controllers/default.py: 0
[2014-12-01 16:20:44] EDIT screw_it/views/default/index.html: -2
[2014-12-01 16:20:59] EDIT screw_it/views/default/index.html: 2
[2014-12-01 16:21:18] EDIT screw_it/controllers/default.py: 0
[2014-12-01 16:22:24] EDIT screw_it/views/default/index.html: 0
[2014-12-01 16:22:39] EDIT screw_it/views/default/index.html: -1
[2014-12-01 16:23:07] EDIT screw_it/controllers/default.py: 0
[2014-12-01 16:23:25] EDIT screw_it/views/default/index.html: 2
[2014-12-01 16:23:43] EDIT screw_it/controllers/default.py: 0
[2014-12-01 16:24:11] EDIT screw_it/controllers/default.py: 0
[2014-12-01 16:24:18] EDIT screw_it/views/default/index.html: -2
[2014-12-01 16:25:25] EDIT screw_it/views/default/index.html: 2
[2014-12-01 16:25:30] EDIT screw_it/views/default/index.html: 0
[2014-12-01 16:26:08] EDIT screw_it/views/default/index.html: 0
[2014-12-01 16:26:18] EDIT screw_it/views/default/index.html: 0
[2014-12-01 16:26:36] EDIT screw_it/views/default/index.html: 0
[2014-12-01 16:28:41] EDIT screw_it/views/default/index.html: 1
[2014-12-01 16:29:01] EDIT screw_it/views/default/index.html: -1
[2014-12-01 16:29:19] EDIT screw_it/views/default/index.html: 0
[2014-12-01 16:30:02] EDIT screw_it/views/default/index.html: 1
[2014-12-01 16:30:37] EDIT screw_it/views/default/index.html: 0
[2014-12-01 16:39:41] EDIT screw_it/views/default/index.html: 2
[2014-12-01 16:40:20] EDIT screw_it/views/default/index.html: 0
[2014-12-01 16:41:05] EDIT screw_it/views/default/index.html: 0
[2014-12-01 16:41:34] EDIT screw_it/views/default/index.html: 1
[2014-12-01 16:42:16] EDIT screw_it/views/default/index.html: -1
[2014-12-01 16:42:41] EDIT screw_it/views/default/index.html: 0
[2014-12-01 16:42:59] EDIT screw_it/views/default/index.html: 0
[2014-12-01 16:43:39] EDIT screw_it/views/default/index.html: 0
[2014-12-01 16:44:37] EDIT screw_it/views/default/index.html: 0
[2014-12-01 16:44:50] EDIT screw_it/views/default/index.html: 0
[2014-12-01 16:44:56] EDIT screw_it/views/default/index.html: 0
[2014-12-01 16:45:08] EDIT screw_it/views/default/index.html: 0
[2014-12-01 16:45:36] EDIT screw_it/views/default/index.html: 0
[2014-12-01 16:46:17] EDIT screw_it/views/default/index.html: 1
[2014-12-01 16:46:38] EDIT screw_it/views/default/index.html: 0
[2014-12-01 16:46:49] EDIT screw_it/views/default/index.html: -1
[2014-12-01 16:47:05] EDIT screw_it/views/default/index.html: 0
[2014-12-01 16:47:17] EDIT screw_it/views/default/index.html: 2
[2014-12-01 16:47:31] EDIT screw_it/views/default/index.html: -3
[2014-12-01 16:48:01] EDIT screw_it/views/default/index.html: 3
[2014-12-01 16:48:38] EDIT screw_it/views/default/index.html: -3
[2014-12-01 16:48:55] EDIT screw_it/views/default/index.html: 2
[2014-12-01 16:49:31] EDIT screw_it/views/default/index.html: 0
[2014-12-01 16:52:20] EDIT screw_it/views/default/index.html: 0
[2014-12-01 16:52:35] EDIT screw_it/views/default/index.html: 1
[2014-12-01 16:54:03] EDIT screw_it/views/default/index.html: 2
[2014-12-01 16:54:39] EDIT screw_it/views/default/index.html: 0
[2014-12-01 16:54:40] EDIT screw_it/views/default/index.html: 0
[2014-12-01 16:54:41] EDIT screw_it/views/default/index.html: 0
[2014-12-01 16:55:57] EDIT screw_it/views/default/index.html: 4
[2014-12-01 16:56:09] EDIT screw_it/views/default/index.html: 0
[2014-12-01 16:56:24] EDIT screw_it/views/default/index.html: -4
[2014-12-01 16:57:51] EDIT screw_it/views/default/index.html: 0
[2014-12-02 12:30:46] EDIT screw_it/views/default/index.html: 6
[2014-12-02 12:32:00] EDIT screw_it/views/default/index.html: 0
[2014-12-02 12:32:32] EDIT screw_it/views/default/index.html: 0
[2014-12-02 12:32:58] EDIT screw_it/views/default/index.html: 0
[2014-12-02 12:34:18] EDIT screw_it/views/default/index.html: 0
[2014-12-02 12:34:41] EDIT screw_it/views/default/index.html: 0
[2014-12-02 12:35:11] EDIT screw_it/views/default/index.html: 0
[2014-12-02 12:36:10] EDIT screw_it/views/default/index.html: 2
[2014-12-02 12:36:24] EDIT screw_it/views/default/index.html: 0
[2014-12-02 12:37:21] EDIT screw_it/views/default/index.html: 0
[2014-12-02 12:38:40] EDIT screw_it/views/default/index.html: 0
[2014-12-02 12:38:58] EDIT screw_it/views/default/index.html: 0
[2014-12-02 12:39:11] EDIT screw_it/views/default/index.html: 0
[2014-12-02 12:40:17] EDIT screw_it/views/default/index.html: 2
[2014-12-02 12:41:17] EDIT screw_it/views/default/index.html: 0
[2014-12-02 12:41:31] EDIT screw_it/views/default/index.html: 0
[2014-12-02 12:43:09] EDIT screw_it/views/default/index.html: 0
[2014-12-02 12:49:48] EDIT screw_it/views/default/index.html: 0
[2014-12-02 12:50:16] EDIT screw_it/views/default/index.html: 0
[2014-12-02 12:50:42] EDIT screw_it/views/default/index.html: 0
[2014-12-02 12:51:50] EDIT screw_it/views/default/index.html: 0
[2014-12-02 12:52:01] EDIT screw_it/views/default/index.html: 0
[2014-12-02 12:52:28] EDIT screw_it/views/default/index.html: 0
[2014-12-02 12:53:56] EDIT screw_it/views/default/index.html: 0
[2014-12-02 12:54:17] EDIT screw_it/views/default/index.html: 0
[2014-12-02 12:54:54] EDIT screw_it/views/default/index.html: 0
[2014-12-02 12:55:51] EDIT screw_it/views/default/index.html: 0
[2014-12-02 12:57:45] EDIT screw_it/views/default/index.html: 1
[2014-12-02 12:59:38] EDIT screw_it/views/default/index.html: 1
[2014-12-02 13:01:16] EDIT screw_it/views/default/index.html: 1
[2014-12-02 13:01:23] EDIT screw_it/views/default/index.html: 0
[2014-12-02 13:01:39] EDIT screw_it/views/default/index.html: 0
[2014-12-02 13:02:32] EDIT screw_it/views/default/index.html: 2
[2014-12-02 13:02:56] EDIT screw_it/views/default/index.html: 0
[2014-12-02 13:03:16] EDIT screw_it/views/default/index.html: 1
[2014-12-02 13:03:35] EDIT screw_it/views/default/index.html: 0
[2014-12-02 13:03:35] EDIT screw_it/views/default/index.html: 0
[2014-12-02 13:03:41] EDIT screw_it/views/default/index.html: 0
[2014-12-02 13:04:05] EDIT screw_it/views/default/index.html: -1
[2014-12-02 13:04:23] EDIT screw_it/views/default/index.html: 0
[2014-12-02 13:08:42] EDIT screw_it/controllers/default.py: 3
[2014-12-02 13:08:53] EDIT screw_it/controllers/default.py: 1
[2014-12-02 13:08:54] EDIT screw_it/controllers/default.py: 0
[2014-12-02 13:09:15] EDIT screw_it/controllers/default.py: 0
[2014-12-02 13:09:41] EDIT screw_it/controllers/default.py: 0
[2014-12-02 13:11:07] EDIT screw_it/views/default/index.html: 1
[2014-12-02 13:11:46] EDIT screw_it/controllers/default.py: 0
[2014-12-02 13:11:56] EDIT screw_it/controllers/default.py: 0
[2014-12-02 13:12:05] EDIT screw_it/controllers/default.py: 0
[2014-12-02 13:12:21] EDIT screw_it/views/default/index.html: 0
[2014-12-02 13:12:25] EDIT screw_it/views/default/index.html: 0
[2014-12-02 13:12:30] EDIT screw_it/views/default/index.html: 0
[2014-12-02 13:14:34] EDIT screw_it/views/default/index.html: -1
[2014-12-02 13:19:24] EDIT screw_it/views/default/index.html: 1
[2014-12-02 13:19:55] EDIT screw_it/views/default/index.html: 0
[2014-12-02 13:20:10] EDIT screw_it/views/default/index.html: 0
[2014-12-02 13:20:23] EDIT screw_it/views/default/index.html: 0
[2014-12-02 13:20:46] EDIT screw_it/views/default/index.html: 0
[2014-12-02 13:20:59] EDIT screw_it/views/default/index.html: 0
[2014-12-02 13:21:15] EDIT screw_it/views/default/index.html: 0
[2014-12-02 13:21:39] EDIT screw_it/views/default/index.html: 0
[2014-12-02 13:21:54] EDIT screw_it/views/default/index.html: 0
[2014-12-02 13:22:16] EDIT screw_it/views/default/index.html: 0
[2014-12-02 13:22:57] EDIT screw_it/views/default/index.html: 0
[2014-12-02 13:23:08] EDIT screw_it/views/default/index.html: 0
[2014-12-02 13:24:48] EDIT screw_it/controllers/default.py: 1
[2014-12-02 13:26:19] EDIT screw_it/controllers/default.py: -1
[2014-12-02 13:29:13] EDIT screw_it/controllers/default.py: 0
[2014-12-02 13:30:17] EDIT screw_it/views/default/index.html: 0
[2014-12-02 13:30:37] EDIT screw_it/views/default/index.html: 0
[2014-12-02 13:31:50] EDIT screw_it/views/default/index.html: 0
[2014-12-02 13:32:01] EDIT screw_it/views/default/index.html: 0
[2014-12-02 13:32:12] EDIT screw_it/views/default/index.html: 0
[2014-12-02 13:32:29] EDIT screw_it/views/default/index.html: 0
[2014-12-02 13:32:47] EDIT screw_it/views/default/index.html: 0
[2014-12-02 13:33:30] EDIT screw_it/controllers/default.py: 1
[2014-12-02 13:33:51] EDIT screw_it/controllers/default.py: 0
[2014-12-02 13:34:00] EDIT screw_it/controllers/default.py: 0
[2014-12-02 13:34:43] EDIT screw_it/views/default/index.html: 0
[2014-12-02 13:34:50] EDIT screw_it/controllers/default.py: 0
[2014-12-02 13:44:42] EDIT screw_it/controllers/default.py: 0
[2014-12-02 14:08:55] EDIT screw_it/views/default/index.html: -1
[2014-12-02 14:09:08] EDIT screw_it/views/default/index.html: 0
[2014-12-02 14:09:58] EDIT screw_it/views/default/index.html: 0
[2014-12-02 14:10:18] EDIT screw_it/views/default/index.html: 0
[2014-12-02 14:10:25] EDIT screw_it/views/default/index.html: 0
[2014-12-02 14:11:14] EDIT screw_it/controllers/default.py: 0
[2014-12-02 14:13:19] EDIT screw_it/views/default/index.html: 1
[2014-12-02 14:14:45] EDIT screw_it/views/default/index.html: 0
[2014-12-02 14:15:07] EDIT screw_it/views/default/index.html: 0
[2014-12-02 14:15:31] EDIT screw_it/views/default/index.html: 0
[2014-12-02 14:15:43] EDIT screw_it/views/default/index.html: 0
[2014-12-02 14:16:09] EDIT screw_it/views/default/index.html: 0
[2014-12-02 14:16:26] EDIT screw_it/controllers/default.py: 0
[2014-12-02 14:16:35] EDIT screw_it/controllers/default.py: 0
[2014-12-02 14:17:33] EDIT screw_it/controllers/default.py: 1
[2014-12-02 14:29:05] EDIT screw_it/controllers/default.py: 0
[2014-12-02 14:29:28] EDIT screw_it/views/default/index.html: 0
[2014-12-02 14:29:44] EDIT screw_it/views/default/index.html: 0
[2014-12-02 14:29:59] EDIT screw_it/controllers/default.py: 0
[2014-12-02 14:30:14] EDIT screw_it/controllers/default.py: 0
[2014-12-02 14:30:38] EDIT screw_it/views/default/index.html: 0
[2014-12-02 14:31:01] EDIT screw_it/controllers/default.py: 0
[2014-12-02 14:31:31] EDIT screw_it/views/default/index.html: 0
[2014-12-02 14:31:41] EDIT screw_it/views/default/index.html: 0
[2014-12-02 14:32:00] EDIT screw_it/views/default/index.html: 0
[2014-12-02 14:32:12] EDIT screw_it/views/default/index.html: 0
[2014-12-02 14:32:23] EDIT screw_it/views/default/index.html: 0
[2014-12-02 14:32:37] EDIT screw_it/views/default/index.html: 0
[2014-12-02 14:33:28] EDIT screw_it/controllers/default.py: 0
[2014-12-02 14:33:40] EDIT screw_it/controllers/default.py: -1
[2014-12-02 14:34:14] EDIT screw_it/controllers/default.py: 0
[2014-12-02 14:34:41] EDIT screw_it/controllers/default.py: 1
[2014-12-02 14:34:58] EDIT screw_it/controllers/default.py: 0
[2014-12-02 14:35:07] EDIT screw_it/controllers/default.py: -1
[2014-12-02 14:36:06] EDIT screw_it/views/default/index.html: 0
[2014-12-02 14:36:16] EDIT screw_it/controllers/default.py: 1
[2014-12-02 14:41:55] EDIT screw_it/views/default/index.html: 1
[2014-12-02 14:42:02] EDIT screw_it/views/default/index.html: 0
[2014-12-02 14:42:29] EDIT screw_it/views/default/index.html: 0
[2014-12-02 14:43:12] EDIT screw_it/views/default/index.html: -1
[2014-12-02 14:43:25] EDIT screw_it/controllers/default.py: 0
[2014-12-02 14:43:45] EDIT screw_it/views/default/index.html: 0
[2014-12-02 14:44:02] EDIT screw_it/controllers/default.py: 0
[2014-12-02 14:44:21] EDIT screw_it/views/default/index.html: 0
[2014-12-02 14:45:42] EDIT screw_it/views/default/index.html: 0
[2014-12-02 14:45:49] EDIT screw_it/controllers/default.py: 0
[2014-12-02 14:47:59] EDIT screw_it/views/default/index.html: 0
[2014-12-02 14:48:09] EDIT screw_it/views/default/index.html: 0
[2014-12-02 14:48:24] EDIT screw_it/views/default/index.html: 0
[2014-12-02 14:48:39] EDIT screw_it/controllers/default.py: 0
[2014-12-02 14:49:04] EDIT screw_it/controllers/default.py: 0
[2014-12-02 14:50:21] EDIT screw_it/controllers/default.py: 0
[2014-12-02 14:51:23] EDIT screw_it/views/default/index.html: 0
[2014-12-02 14:51:53] EDIT screw_it/controllers/default.py: 0
[2014-12-02 14:51:56] EDIT screw_it/controllers/default.py: 0
[2014-12-02 14:52:07] EDIT screw_it/controllers/default.py: 0
[2014-12-02 14:54:57] EDIT screw_it/views/default/index.html: 1
[2014-12-02 14:55:52] EDIT screw_it/views/default/index.html: -1
[2014-12-02 14:56:47] EDIT screw_it/views/default/index.html: 0
[2014-12-02 14:56:55] EDIT screw_it/views/default/index.html: 0
[2014-12-02 14:57:04] EDIT screw_it/views/default/index.html: 0
[2014-12-02 14:58:41] EDIT screw_it/views/default/index.html: 0
[2014-12-02 15:00:37] EDIT screw_it/controllers/default.py: 0
[2014-12-02 15:01:56] EDIT screw_it/views/default/index.html: 1
[2014-12-02 15:02:06] EDIT screw_it/views/default/index.html: 0
[2014-12-02 15:02:49] EDIT screw_it/controllers/default.py: 0
[2014-12-02 15:05:16] EDIT screw_it/views/default/index.html: -1
[2014-12-02 15:08:31] EDIT screw_it/views/default/index.html: 0
[2014-12-02 15:08:46] EDIT screw_it/views/default/index.html: 0
[2014-12-02 15:08:54] EDIT screw_it/views/default/index.html: 0
[2014-12-02 15:09:08] EDIT screw_it/controllers/default.py: 0
[2014-12-02 15:10:06] EDIT screw_it/controllers/default.py: 0
[2014-12-02 15:11:21] EDIT screw_it/controllers/default.py: 0
[2014-12-02 15:15:59] EDIT screw_it/views/default/index.html: 0
[2014-12-02 15:16:06] EDIT screw_it/views/default/index.html: -1
[2014-12-02 15:24:27] EDIT screw_it/views/default/index.html: 1
[2014-12-02 15:24:47] EDIT screw_it/views/default/index.html: 0
[2014-12-02 15:25:01] EDIT screw_it/controllers/default.py: 0
[2014-12-02 15:26:24] EDIT screw_it/controllers/default.py: 0
[2014-12-02 15:27:16] EDIT screw_it/views/default/index.html: 0
[2014-12-02 15:27:23] EDIT screw_it/controllers/default.py: 0
[2014-12-02 15:29:57] EDIT screw_it/views/default/index.html: 0
[2014-12-02 15:30:16] EDIT screw_it/views/default/index.html: 0
[2014-12-02 15:31:43] EDIT screw_it/views/default/index.html: 0
[2014-12-02 15:31:45] EDIT screw_it/views/default/index.html: 0
[2014-12-02 15:31:54] EDIT screw_it/controllers/default.py: 0
[2014-12-02 15:31:58] EDIT screw_it/controllers/default.py: 0
[2014-12-02 15:32:16] EDIT screw_it/controllers/default.py: 0
[2014-12-02 15:32:51] EDIT screw_it/views/default/index.html: 0
[2014-12-02 15:32:57] EDIT screw_it/views/default/index.html: 0
[2014-12-02 15:33:02] EDIT screw_it/controllers/default.py: 0
[2014-12-02 15:33:05] EDIT screw_it/controllers/default.py: 0
[2014-12-02 15:33:14] EDIT screw_it/controllers/default.py: 0
[2014-12-02 15:33:44] EDIT screw_it/controllers/default.py: 0
[2014-12-02 15:33:52] EDIT screw_it/controllers/default.py: 0
[2014-12-02 15:35:38] EDIT screw_it/views/default/index.html: 1
[2014-12-02 15:35:47] EDIT screw_it/views/default/index.html: 0
[2014-12-02 15:35:57] EDIT screw_it/controllers/default.py: 0
[2014-12-02 15:36:37] EDIT screw_it/controllers/default.py: 0
[2014-12-02 15:37:06] EDIT screw_it/controllers/default.py: 0
[2014-12-02 17:58:53] EDIT screw_it/views/default/index.html: -1
[2014-12-02 17:59:23] EDIT screw_it/controllers/default.py: -2
[2014-12-02 17:59:30] EDIT screw_it/views/default/index.html: 0
[2014-12-02 18:00:10] EDIT screw_it/views/default/index.html: -1
[2014-12-02 18:01:41] EDIT screw_it/views/default/index.html: 0
[2014-12-02 18:03:40] EDIT screw_it/views/default/index.html: 3
[2014-12-02 18:03:55] EDIT screw_it/views/default/index.html: 0
[2014-12-02 18:04:17] EDIT screw_it/views/default/index.html: 0
[2014-12-02 18:04:49] EDIT screw_it/views/default/index.html: 0
[2014-12-02 18:05:54] EDIT screw_it/views/default/index.html: 2
[2014-12-02 18:06:16] EDIT screw_it/views/default/index.html: 0
[2014-12-02 18:07:20] EDIT screw_it/views/default/index.html: 1
[2014-12-02 18:10:05] EDIT screw_it/views/default/index.html: 1
[2014-12-02 18:10:44] EDIT screw_it/views/default/index.html: 1
[2014-12-02 18:11:09] EDIT screw_it/views/default/index.html: 1
[2014-12-02 18:11:44] EDIT screw_it/views/default/index.html: 1
[2014-12-02 18:11:59] EDIT screw_it/views/default/index.html: 1
[2014-12-02 18:12:46] EDIT screw_it/views/default/index.html: 3
[2014-12-02 18:13:19] EDIT screw_it/views/default/index.html: -3
[2014-12-02 18:13:26] EDIT screw_it/views/default/index.html: 0
[2014-12-02 18:14:02] EDIT screw_it/views/default/index.html: -2
[2014-12-02 18:14:24] EDIT screw_it/views/default/index.html: 0
[2014-12-02 18:14:55] EDIT screw_it/views/default/index.html: 0
[2014-12-02 18:17:56] EDIT screw_it/views/default/index.html: 3
[2014-12-02 18:18:31] EDIT screw_it/views/default/index.html: -1
[2014-12-02 18:18:54] EDIT screw_it/views/default/index.html: 0
[2014-12-02 18:19:13] EDIT screw_it/views/default/index.html: 3
[2014-12-02 18:19:46] EDIT screw_it/views/default/index.html: -3
[2014-12-02 18:20:08] EDIT screw_it/views/default/index.html: 3
[2014-12-02 18:20:31] EDIT screw_it/views/default/index.html: 0
[2014-12-02 18:20:34] EDIT screw_it/views/default/index.html: 0
[2014-12-02 18:21:49] EDIT screw_it/views/default/index.html: 4
[2014-12-02 18:21:55] EDIT screw_it/views/default/index.html: 0
[2014-12-02 18:22:36] EDIT screw_it/views/default/index.html: 0
[2014-12-02 18:23:05] EDIT screw_it/views/default/index.html: -5
[2014-12-02 18:23:17] EDIT screw_it/views/default/index.html: 0
[2014-12-02 18:23:30] EDIT screw_it/views/default/index.html: 0
[2014-12-02 18:23:55] EDIT screw_it/views/default/index.html: -2
[2014-12-02 18:24:12] EDIT screw_it/views/default/index.html: 0
[2014-12-02 18:24:30] EDIT screw_it/views/default/index.html: 0
[2014-12-02 18:24:38] EDIT screw_it/views/default/index.html: 0
[2014-12-02 18:24:53] EDIT screw_it/views/default/index.html: 0
[2014-12-02 18:25:01] EDIT screw_it/views/default/index.html: 0
[2014-12-02 18:25:12] EDIT screw_it/views/default/index.html: 0
[2014-12-02 18:25:31] EDIT screw_it/views/default/index.html: 0
[2014-12-02 18:32:22] EDIT screw_it/models/hardwarestore.py: 2
[2014-12-02 18:32:34] EDIT screw_it/models/hardwarestore.py: -1
[2014-12-02 18:32:44] EDIT screw_it/controllers/default.py: 2
[2014-12-02 18:32:50] EDIT screw_it/models/hardwarestore.py: 1
[2014-12-02 18:33:59] EDIT screw_it/models/hardwarestore.py: 1
[2014-12-02 18:40:00] EDIT screw_it/controllers/default.py: 0
[2014-12-02 18:41:44] EDIT screw_it/controllers/default.py: 0
[2014-12-02 18:42:44] EDIT screw_it/controllers/default.py: 0
[2014-12-02 18:43:15] EDIT screw_it/controllers/default.py: 0
[2014-12-02 18:43:38] EDIT screw_it/controllers/default.py: 0
[2014-12-02 18:43:51] EDIT screw_it/controllers/default.py: 0
[2014-12-02 18:45:01] EDIT screw_it/controllers/default.py: 0
[2014-12-02 18:45:13] EDIT screw_it/controllers/default.py: 0
[2014-12-02 18:47:51] EDIT screw_it/models/hardwarestore.py: 2
[2014-12-02 18:48:31] EDIT screw_it/models/hardwarestore.py: 3
[2014-12-02 18:49:05] EDIT screw_it/models/hardwarestore.py: 0
[2014-12-02 18:49:34] EDIT screw_it/models/hardwarestore.py: -2
[2014-12-02 18:51:16] EDIT screw_it/models/hardwarestore.py: 2
[2014-12-02 18:51:27] EDIT screw_it/models/hardwarestore.py: 0
[2014-12-02 18:51:47] EDIT screw_it/models/hardwarestore.py: 0
[2014-12-02 18:51:57] EDIT screw_it/models/hardwarestore.py: 0
[2014-12-02 18:52:10] EDIT screw_it/models/hardwarestore.py: -6
[2014-12-02 18:52:23] EDIT screw_it/models/hardwarestore.py: 3
[2014-12-02 18:52:30] EDIT screw_it/models/hardwarestore.py: 1
[2014-12-02 18:52:37] EDIT screw_it/models/hardwarestore.py: 1
[2014-12-02 18:52:50] EDIT screw_it/models/hardwarestore.py: 0
[2014-12-02 18:53:02] EDIT screw_it/models/hardwarestore.py: 0
[2014-12-02 18:54:10] EDIT screw_it/models/hardwarestore.py: 0
[2014-12-02 18:54:21] EDIT screw_it/models/hardwarestore.py: 1
[2014-12-02 18:54:49] EDIT screw_it/models/hardwarestore.py: 0
[2014-12-02 18:55:10] EDIT screw_it/models/hardwarestore.py: 0
[2014-12-02 18:55:21] EDIT screw_it/models/hardwarestore.py: 0
[2014-12-02 18:55:32] EDIT screw_it/models/hardwarestore.py: 0
[2014-12-02 18:55:51] EDIT screw_it/models/hardwarestore.py: 0
[2014-12-02 18:57:37] EDIT screw_it/controllers/default.py: 3
[2014-12-02 19:00:33] EDIT screw_it/controllers/default.py: 0
[2014-12-02 19:01:59] EDIT screw_it/controllers/default.py: 0
[2014-12-02 19:02:22] EDIT screw_it/views/default/index.html: 1
[2014-12-02 19:02:35] EDIT screw_it/views/default/index.html: 0
[2014-12-02 19:02:54] EDIT screw_it/views/default/index.html: 0
[2014-12-02 19:03:51] EDIT screw_it/views/default/index.html: 0
[2014-12-02 19:04:26] EDIT screw_it/models/hardwarestore.py: 3
[2014-12-02 19:04:29] EDIT screw_it/models/hardwarestore.py: 0
[2014-12-02 19:04:41] EDIT screw_it/models/hardwarestore.py: 0
[2014-12-02 19:04:54] EDIT screw_it/controllers/default.py: 0
[2014-12-02 19:05:23] EDIT screw_it/views/default/index.html: 0
[2014-12-02 19:05:32] EDIT screw_it/views/default/index.html: 0
[2014-12-02 19:05:37] EDIT screw_it/views/default/index.html: 0
[2014-12-02 19:06:05] EDIT screw_it/controllers/default.py: 0
[2014-12-02 19:06:32] EDIT screw_it/controllers/default.py: 0
[2014-12-02 19:06:51] EDIT screw_it/controllers/default.py: 1
[2014-12-02 19:08:07] EDIT screw_it/controllers/default.py: 0
[2014-12-02 19:10:39] EDIT screw_it/controllers/default.py: 0
[2014-12-02 19:10:47] EDIT screw_it/controllers/default.py: 0
[2014-12-02 19:11:12] EDIT screw_it/controllers/default.py: 0
[2014-12-02 19:11:26] EDIT screw_it/controllers/default.py: 0
[2014-12-02 19:12:45] EDIT screw_it/controllers/default.py: 0
[2014-12-02 19:12:56] EDIT screw_it/controllers/default.py: 0
[2014-12-02 19:13:07] EDIT screw_it/controllers/default.py: 0
[2014-12-02 19:15:34] EDIT screw_it/controllers/default.py: 3
[2014-12-02 19:15:37] EDIT screw_it/controllers/default.py: 0
[2014-12-02 19:15:44] EDIT screw_it/controllers/default.py: 0
[2014-12-02 19:15:47] EDIT screw_it/controllers/default.py: 0
[2014-12-02 19:15:49] EDIT screw_it/controllers/default.py: 0
[2014-12-02 19:16:01] EDIT screw_it/controllers/default.py: 1
[2014-12-02 19:16:03] EDIT screw_it/controllers/default.py: 0
[2014-12-02 19:16:06] EDIT screw_it/controllers/default.py: 0
[2014-12-02 19:16:08] EDIT screw_it/controllers/default.py: 0
[2014-12-02 19:16:11] EDIT screw_it/controllers/default.py: 0
[2014-12-02 19:16:14] EDIT screw_it/controllers/default.py: 0
[2014-12-02 19:16:44] EDIT screw_it/controllers/default.py: 0
[2014-12-02 19:17:00] EDIT screw_it/controllers/default.py: -1
[2014-12-02 19:18:10] EDIT screw_it/controllers/default.py: 0
[2014-12-02 19:18:21] EDIT screw_it/controllers/default.py: -2
[2014-12-02 19:18:47] EDIT screw_it/controllers/default.py: 0
[2014-12-02 19:19:13] EDIT screw_it/controllers/default.py: 0
[2014-12-02 19:19:22] EDIT screw_it/controllers/default.py: 0
[2014-12-02 19:19:42] EDIT screw_it/controllers/default.py: 0
[2014-12-02 19:20:53] EDIT screw_it/controllers/default.py: 0
[2014-12-02 19:21:28] EDIT screw_it/controllers/default.py: 0
[2014-12-02 19:21:34] EDIT screw_it/controllers/default.py: 0
[2014-12-02 19:23:12] EDIT screw_it/controllers/default.py: 1
[2014-12-02 19:23:27] EDIT screw_it/controllers/default.py: 0
[2014-12-02 19:24:41] EDIT screw_it/controllers/default.py: 0
[2014-12-02 19:26:58] EDIT screw_it/controllers/default.py: -1
[2014-12-02 19:31:35] EDIT screw_it/controllers/default.py: 0
[2014-12-02 19:31:39] EDIT screw_it/controllers/default.py: 0
[2014-12-02 19:33:25] EDIT screw_it/models/hardwarestore.py: 0
[2014-12-02 19:34:03] EDIT screw_it/controllers/default.py: 0
[2014-12-02 19:34:05] EDIT screw_it/controllers/default.py: -1
[2014-12-02 19:34:05] EDIT screw_it/controllers/default.py: 0
[2014-12-02 19:34:08] EDIT screw_it/controllers/default.py: 0
[2014-12-02 19:34:55] EDIT screw_it/views/default/index.html: -1
[2014-12-02 19:35:08] EDIT screw_it/views/default/index.html: 0
[2014-12-02 19:35:14] EDIT screw_it/views/default/index.html: 0
[2014-12-02 19:36:05] EDIT screw_it/views/default/index.html: 1
[2014-12-02 19:36:23] EDIT screw_it/views/default/index.html: 0
[2014-12-02 19:36:58] EDIT screw_it/views/default/index.html: 0
[2014-12-02 19:37:41] EDIT screw_it/controllers/default.py: -1
[2014-12-02 19:37:46] EDIT screw_it/controllers/default.py: 0
[2014-12-02 19:38:30] EDIT screw_it/controllers/default.py: 1
[2014-12-02 19:38:57] EDIT screw_it/controllers/default.py: 0
[2014-12-02 19:39:07] EDIT screw_it/controllers/default.py: -1
[2014-12-02 19:41:26] EDIT screw_it/views/default/index.html: 7
[2014-12-02 19:42:30] EDIT screw_it/views/default/index.html: -1
[2014-12-02 19:42:40] EDIT screw_it/views/default/index.html: 0
[2014-12-02 19:42:54] EDIT screw_it/views/default/index.html: 0
[2014-12-02 19:43:47] EDIT screw_it/controllers/default.py: 1
[2014-12-02 19:43:49] EDIT screw_it/controllers/default.py: 0
[2014-12-02 19:43:55] EDIT screw_it/controllers/default.py: 0
[2014-12-02 19:46:34] EDIT screw_it/views/default/index.html: -5
[2014-12-02 19:46:44] EDIT screw_it/controllers/default.py: 0
[2014-12-02 19:47:03] EDIT screw_it/views/default/index.html: 0
[2014-12-02 19:47:29] EDIT screw_it/views/default/index.html: 0
[2014-12-02 19:47:54] EDIT screw_it/views/default/index.html: -1
[2014-12-02 19:48:11] EDIT screw_it/views/default/index.html: 0
[2014-12-02 19:48:42] EDIT screw_it/controllers/default.py: 0
[2014-12-02 19:49:19] EDIT screw_it/views/default/index.html: 0
[2014-12-02 19:49:36] EDIT screw_it/views/default/index.html: 0
[2014-12-02 19:50:23] EDIT screw_it/views/default/index.html: 1
[2014-12-02 19:50:42] EDIT screw_it/controllers/default.py: -1
[2014-12-02 19:51:24] EDIT screw_it/views/default/index.html: 0
[2014-12-02 19:51:32] EDIT screw_it/controllers/default.py: 0
[2014-12-02 19:51:37] EDIT screw_it/controllers/default.py: 0
[2014-12-02 19:51:58] EDIT screw_it/views/default/index.html: 0
[2014-12-02 19:52:17] EDIT screw_it/views/default/index.html: 0
[2014-12-02 19:52:31] EDIT screw_it/controllers/default.py: 0
[2014-12-02 19:52:44] EDIT screw_it/controllers/default.py: 0
[2014-12-02 19:53:38] EDIT screw_it/controllers/default.py: 0
[2014-12-02 19:54:37] EDIT screw_it/views/default/index.html: -1
[2014-12-02 19:54:56] EDIT screw_it/controllers/default.py: 0
[2014-12-03 09:26:13] EDIT screw_it/views/default/index.html: 0
[2014-12-03 09:26:19] EDIT screw_it/views/default/index.html: 0
[2014-12-03 09:27:56] EDIT screw_it/controllers/default.py: 1
[2014-12-03 09:28:01] EDIT screw_it/controllers/default.py: 0
[2014-12-03 09:28:34] EDIT screw_it/controllers/default.py: 0
[2014-12-03 09:29:05] EDIT screw_it/controllers/default.py: 1
[2014-12-03 09:29:21] EDIT screw_it/views/default/index.html: 0
[2014-12-03 09:29:57] EDIT screw_it/views/default/index.html: 0
[2014-12-03 09:30:07] EDIT screw_it/views/default/index.html: 0
[2014-12-03 09:30:25] EDIT screw_it/controllers/default.py: 0
[2014-12-03 09:31:24] EDIT screw_it/views/default/index.html: 0
[2014-12-03 09:32:19] EDIT screw_it/views/default/index.html: 1
[2014-12-03 09:32:45] EDIT screw_it/controllers/default.py: 0
[2014-12-03 09:33:05] EDIT screw_it/controllers/default.py: 0
[2014-12-03 09:33:12] EDIT screw_it/controllers/default.py: -1
[2014-12-03 09:33:25] EDIT screw_it/controllers/default.py: 0
[2014-12-03 09:33:38] EDIT screw_it/controllers/default.py: 0
[2014-12-03 09:34:09] EDIT screw_it/views/default/index.html: 0
[2014-12-03 09:35:34] EDIT screw_it/controllers/default.py: 0
[2014-12-03 09:36:04] EDIT screw_it/controllers/default.py: 2
[2014-12-03 09:37:54] EDIT screw_it/controllers/default.py: 0
[2014-12-03 09:38:13] EDIT screw_it/controllers/default.py: 0
[2014-12-03 09:38:27] EDIT screw_it/controllers/default.py: 0
[2014-12-03 09:39:09] EDIT screw_it/controllers/default.py: 0
[2014-12-03 09:40:05] EDIT screw_it/controllers/default.py: -2
[2014-12-03 09:40:12] EDIT screw_it/controllers/default.py: 0
[2014-12-03 09:40:47] EDIT screw_it/models/hardwarestore.py: 0
[2014-12-03 09:40:57] EDIT screw_it/models/hardwarestore.py: 0
[2014-12-03 09:41:03] EDIT screw_it/models/hardwarestore.py: 0
[2014-12-03 09:41:38] EDIT screw_it/views/default/index.html: 0
[2014-12-03 09:41:49] EDIT screw_it/views/default/index.html: 0
[2014-12-03 09:42:03] EDIT screw_it/controllers/default.py: 0
[2014-12-03 09:42:21] EDIT screw_it/controllers/default.py: 0
[2014-12-03 09:42:37] EDIT screw_it/views/default/index.html: 0
[2014-12-03 09:42:42] EDIT screw_it/controllers/default.py: 0
[2014-12-03 09:44:12] EDIT screw_it/views/default/index.html: 0
[2014-12-03 09:44:32] EDIT screw_it/controllers/default.py: 0
[2014-12-03 09:45:28] EDIT screw_it/views/default/index.html: 0
[2014-12-03 09:45:51] EDIT screw_it/controllers/default.py: 0
[2014-12-03 09:46:08] EDIT screw_it/controllers/default.py: 0
[2014-12-03 09:47:20] EDIT screw_it/controllers/default.py: 3
[2014-12-03 09:47:45] EDIT screw_it/controllers/default.py: 0
[2014-12-03 09:47:59] EDIT screw_it/controllers/default.py: 0
[2014-12-03 09:48:13] EDIT screw_it/controllers/default.py: 0
[2014-12-03 09:49:35] EDIT screw_it/controllers/default.py: 0
[2014-12-03 09:49:51] EDIT screw_it/controllers/default.py: 0
[2014-12-03 09:50:17] EDIT screw_it/controllers/default.py: 1
[2014-12-03 09:50:40] EDIT screw_it/controllers/default.py: 0
[2014-12-03 09:51:02] EDIT screw_it/controllers/default.py: 0
[2014-12-03 09:51:04] EDIT screw_it/controllers/default.py: 0
[2014-12-03 09:51:33] EDIT screw_it/controllers/default.py: 1
[2014-12-03 09:51:54] EDIT screw_it/controllers/default.py: 1
[2014-12-03 09:52:41] EDIT screw_it/controllers/default.py: 0
[2014-12-03 09:52:56] EDIT screw_it/controllers/default.py: -1
[2014-12-03 09:55:10] EDIT screw_it/controllers/default.py: -2
[2014-12-03 09:55:32] EDIT screw_it/controllers/default.py: 0
[2014-12-03 09:55:47] EDIT screw_it/controllers/default.py: 0
[2014-12-03 09:56:14] EDIT screw_it/controllers/default.py: 0
[2014-12-03 09:56:30] EDIT screw_it/controllers/default.py: 0
[2014-12-03 09:56:42] EDIT screw_it/controllers/default.py: 0
[2014-12-03 09:56:59] EDIT screw_it/controllers/default.py: 0
[2014-12-03 09:57:26] EDIT screw_it/controllers/default.py: 0
[2014-12-03 09:59:54] EDIT screw_it/controllers/default.py: 0
[2014-12-03 10:00:10] EDIT screw_it/controllers/default.py: 0
[2014-12-03 10:00:13] EDIT screw_it/controllers/default.py: 0
[2014-12-03 10:01:12] EDIT screw_it/controllers/default.py: 0
[2014-12-03 10:02:09] EDIT screw_it/controllers/default.py: 0
[2014-12-03 10:03:05] EDIT screw_it/controllers/default.py: 0
[2014-12-03 10:04:01] EDIT screw_it/controllers/default.py: 0
[2014-12-03 10:06:53] EDIT screw_it/controllers/default.py: 2
[2014-12-03 10:07:00] EDIT screw_it/controllers/default.py: 0
[2014-12-03 10:07:02] EDIT screw_it/controllers/default.py: 0
[2014-12-03 10:07:04] EDIT screw_it/controllers/default.py: 0
[2014-12-03 10:07:17] EDIT screw_it/controllers/default.py: 0
[2014-12-03 10:07:26] EDIT screw_it/controllers/default.py: 0
[2014-12-03 10:07:38] EDIT screw_it/controllers/default.py: -1
[2014-12-03 10:07:54] EDIT screw_it/controllers/default.py: 0
[2014-12-03 10:08:08] EDIT screw_it/controllers/default.py: 0
[2014-12-03 10:08:41] EDIT screw_it/controllers/default.py: 0
[2014-12-03 10:09:21] EDIT screw_it/controllers/default.py: -1
[2014-12-03 10:09:44] EDIT screw_it/controllers/default.py: 0
[2014-12-03 10:10:09] EDIT screw_it/controllers/default.py: 0
[2014-12-03 10:10:17] EDIT screw_it/controllers/default.py: 0
[2014-12-03 10:10:18] EDIT screw_it/controllers/default.py: 0
[2014-12-03 10:10:30] EDIT screw_it/controllers/default.py: 0
[2014-12-03 10:10:47] EDIT screw_it/controllers/default.py: 0
[2014-12-03 10:10:58] EDIT screw_it/controllers/default.py: 0
[2014-12-03 10:11:00] EDIT screw_it/controllers/default.py: 0
[2014-12-03 10:11:27] EDIT screw_it/controllers/default.py: 0
[2014-12-03 10:12:51] EDIT screw_it/controllers/default.py: 0
[2014-12-03 10:13:01] EDIT screw_it/controllers/default.py: 0
[2014-12-03 10:13:27] EDIT screw_it/controllers/default.py: 0
[2014-12-03 10:14:31] EDIT screw_it/controllers/default.py: 1
[2014-12-03 10:14:53] EDIT screw_it/controllers/default.py: 0
[2014-12-03 10:15:00] EDIT screw_it/controllers/default.py: 0
[2014-12-03 10:15:14] EDIT screw_it/controllers/default.py: 0
[2014-12-03 10:15:38] EDIT screw_it/controllers/default.py: 0
[2014-12-03 10:15:40] EDIT screw_it/controllers/default.py: 0
[2014-12-03 10:15:48] EDIT screw_it/controllers/default.py: 0
[2014-12-03 10:15:57] EDIT screw_it/controllers/default.py: 0
[2014-12-03 10:16:16] EDIT screw_it/controllers/default.py: 0
[2014-12-03 10:16:47] EDIT screw_it/views/default/index.html: 0
[2014-12-03 10:16:53] EDIT screw_it/views/default/index.html: 0
[2014-12-03 10:17:12] EDIT screw_it/controllers/default.py: -3
[2014-12-03 10:17:56] EDIT screw_it/views/default/index.html: 0
[2014-12-03 10:18:26] EDIT screw_it/views/default/index.html: 0
[2014-12-03 10:19:53] EDIT screw_it/controllers/default.py: 0
[2014-12-03 10:20:50] EDIT screw_it/views/default/index.html: 0
[2014-12-03 10:24:27] EDIT screw_it/controllers/default.py: 0
[2014-12-03 10:24:30] EDIT screw_it/controllers/default.py: 0
[2014-12-03 10:24:39] EDIT screw_it/controllers/default.py: 0
[2014-12-03 10:24:51] EDIT screw_it/views/default/index.html: 0
[2014-12-03 10:24:54] EDIT screw_it/views/default/index.html: 0
[2014-12-03 10:27:01] EDIT screw_it/controllers/default.py: 1
[2014-12-03 10:27:08] EDIT screw_it/controllers/default.py: 0
[2014-12-03 10:27:13] EDIT screw_it/controllers/default.py: 0
[2014-12-03 10:27:26] EDIT screw_it/controllers/default.py: 0
[2014-12-03 10:28:05] EDIT screw_it/views/default/index.html: 0
[2014-12-03 10:28:17] EDIT screw_it/controllers/default.py: 0
[2014-12-03 10:28:58] EDIT screw_it/controllers/default.py: 0
[2014-12-03 10:29:24] EDIT screw_it/controllers/default.py: 1
[2014-12-03 10:29:29] EDIT screw_it/controllers/default.py: 0
[2014-12-03 10:29:55] EDIT screw_it/controllers/default.py: 1
[2014-12-03 10:30:05] EDIT screw_it/controllers/default.py: 0
[2014-12-03 10:30:07] EDIT screw_it/controllers/default.py: 0
[2014-12-03 10:30:23] EDIT screw_it/controllers/default.py: 0
[2014-12-03 10:30:48] EDIT screw_it/controllers/default.py: 1
[2014-12-03 10:31:14] EDIT screw_it/controllers/default.py: -1
[2014-12-03 10:32:48] EDIT screw_it/controllers/default.py: 0
[2014-12-03 10:32:53] EDIT screw_it/controllers/default.py: 0
[2014-12-03 10:33:10] EDIT screw_it/controllers/default.py: 0
[2014-12-03 10:40:40] EDIT screw_it/controllers/default.py: 0
[2014-12-03 10:40:47] EDIT screw_it/controllers/default.py: -5
[2014-12-03 10:47:39] EDIT screw_it/views/default/index.html: 4
[2014-12-03 10:47:43] EDIT screw_it/views/default/index.html: 0
[2014-12-03 10:47:59] EDIT screw_it/views/default/index.html: -1
[2014-12-03 10:48:43] EDIT screw_it/views/default/index.html: 0
[2014-12-03 10:49:34] EDIT screw_it/controllers/default.py: 4
[2014-12-03 10:49:54] EDIT screw_it/views/default/index.html: 0
[2014-12-03 10:50:36] EDIT screw_it/views/default/index.html: 0
[2014-12-03 10:50:44] EDIT screw_it/views/default/index.html: 0
[2014-12-03 10:51:17] EDIT screw_it/views/default/index.html: 0
[2014-12-03 10:51:35] EDIT screw_it/views/default/index.html: 0
[2014-12-03 10:52:29] EDIT screw_it/controllers/default.py: 0
[2014-12-03 10:52:39] EDIT screw_it/controllers/default.py: 0
[2014-12-03 10:53:28] EDIT screw_it/views/default/index.html: 1
[2014-12-03 10:53:51] EDIT screw_it/controllers/default.py: 0
[2014-12-03 10:54:04] EDIT screw_it/views/default/index.html: 0
[2014-12-03 11:00:59] EDIT screw_it/views/default/index.html: -2
[2014-12-03 11:01:19] EDIT screw_it/views/default/index.html: 0
[2014-12-03 11:02:00] EDIT screw_it/views/default/index.html: 1
[2014-12-03 11:05:23] EDIT screw_it/views/default/index.html: 4
[2014-12-03 11:05:44] EDIT screw_it/views/default/index.html: 2
[2014-12-03 11:05:58] EDIT screw_it/views/default/index.html: 0
[2014-12-03 11:06:02] EDIT screw_it/views/default/index.html: 0
[2014-12-03 11:06:06] EDIT screw_it/views/default/index.html: 0
[2014-12-03 11:06:51] EDIT screw_it/views/default/index.html: 1
[2014-12-03 11:07:03] EDIT screw_it/views/default/index.html: 0
[2014-12-03 11:08:21] EDIT screw_it/views/default/index.html: 0
[2014-12-03 11:08:41] EDIT screw_it/views/default/index.html: 1
[2014-12-03 11:09:19] EDIT screw_it/views/default/index.html: 0
[2014-12-03 11:10:26] EDIT screw_it/views/default/index.html: 0
[2014-12-03 11:10:34] EDIT screw_it/views/default/index.html: 0
[2014-12-03 11:10:58] EDIT screw_it/views/default/index.html: 0
[2014-12-03 11:11:20] EDIT screw_it/views/default/index.html: 0
[2014-12-03 11:12:00] EDIT screw_it/views/default/index.html: 1
[2014-12-03 11:12:15] EDIT screw_it/views/default/index.html: 0
[2014-12-03 11:12:35] EDIT screw_it/views/default/index.html: 0
[2014-12-03 11:12:54] EDIT screw_it/views/default/index.html: 0
[2014-12-03 11:12:57] EDIT screw_it/views/default/index.html: 0
[2014-12-03 11:13:10] EDIT screw_it/views/default/index.html: 1
[2014-12-03 11:13:20] EDIT screw_it/views/default/index.html: 0
[2014-12-03 11:13:48] EDIT screw_it/views/default/index.html: 0
[2014-12-03 11:13:59] EDIT screw_it/views/default/index.html: -1
[2014-12-03 11:15:45] EDIT screw_it/views/default/index.html: 0
[2014-12-03 11:16:37] EDIT screw_it/views/default/index.html: 2
[2014-12-03 11:16:51] EDIT screw_it/views/default/index.html: 0
[2014-12-03 11:19:51] EDIT screw_it/views/default/index.html: 3
[2014-12-03 11:20:19] EDIT screw_it/views/default/index.html: 0
[2014-12-03 11:20:30] EDIT screw_it/views/default/index.html: 0
[2014-12-03 11:20:32] EDIT screw_it/views/default/index.html: 0
[2014-12-03 11:20:49] EDIT screw_it/views/default/index.html: 0
[2014-12-03 11:21:03] EDIT screw_it/views/default/index.html: 0
[2014-12-03 11:21:38] EDIT screw_it/views/default/index.html: 0
[2014-12-03 11:22:05] EDIT screw_it/views/default/index.html: 0
[2014-12-03 11:23:03] EDIT screw_it/views/default/index.html: -2
[2014-12-03 11:23:14] EDIT screw_it/views/default/index.html: 2
[2014-12-03 11:25:38] EDIT screw_it/views/default/index.html: 0
[2014-12-03 11:26:05] EDIT screw_it/views/default/index.html: 0
[2014-12-03 11:26:26] EDIT screw_it/views/default/index.html: 0
[2014-12-03 11:26:51] EDIT screw_it/views/default/index.html: -3
[2014-12-03 11:27:00] EDIT screw_it/views/default/index.html: 3
[2014-12-03 11:29:36] EDIT screw_it/views/default/index.html: -1
[2014-12-03 11:30:01] EDIT screw_it/views/default/index.html: 1
[2014-12-03 11:30:29] EDIT screw_it/views/default/index.html: 2
[2014-12-03 11:30:44] EDIT screw_it/views/default/index.html: 1
[2014-12-03 11:31:16] EDIT screw_it/views/default/index.html: 0
[2014-12-03 11:31:49] EDIT screw_it/views/default/index.html: 1
[2014-12-03 11:33:39] EDIT screw_it/views/default/index.html: 0
[2014-12-03 11:34:52] EDIT screw_it/views/default/index.html: 0
[2014-12-03 11:35:25] EDIT screw_it/views/default/index.html: 0
[2014-12-03 11:35:31] EDIT screw_it/views/default/index.html: 0
[2014-12-03 11:35:36] EDIT screw_it/views/default/index.html: 0
[2014-12-03 11:35:46] EDIT screw_it/views/default/index.html: 0
[2014-12-03 11:35:48] EDIT screw_it/views/default/index.html: 0
[2014-12-03 11:36:54] EDIT screw_it/views/default/index.html: 1
[2014-12-03 11:37:08] EDIT screw_it/views/default/index.html: 0
[2014-12-03 11:37:21] EDIT screw_it/views/default/index.html: 0
[2014-12-03 11:37:24] EDIT screw_it/views/default/index.html: 0
[2014-12-03 11:37:41] EDIT screw_it/views/default/index.html: 0
[2014-12-03 11:37:51] EDIT screw_it/views/default/index.html: 0
[2014-12-03 11:38:35] EDIT screw_it/views/default/index.html: -2
[2014-12-03 11:39:48] EDIT screw_it/views/default/index.html: -2
[2014-12-03 11:40:48] EDIT screw_it/views/default/index.html: 0
[2014-12-03 11:41:45] EDIT screw_it/views/default/index.html: 2
[2014-12-03 11:41:57] EDIT screw_it/views/default/index.html: 0
[2014-12-03 11:42:14] EDIT screw_it/views/default/index.html: 0
[2014-12-03 11:42:50] EDIT screw_it/views/default/index.html: 0
[2014-12-03 11:43:39] EDIT screw_it/views/default/index.html: 3
[2014-12-03 11:44:11] EDIT screw_it/views/default/index.html: 0
[2014-12-03 11:44:36] EDIT screw_it/views/default/index.html: 0
[2014-12-03 11:46:13] EDIT screw_it/views/default/index.html: 0
[2014-12-03 11:46:28] EDIT screw_it/views/default/index.html: 0
[2014-12-03 11:47:37] EDIT screw_it/views/default/index.html: 0
[2014-12-03 11:48:38] EDIT screw_it/views/default/index.html: 9
[2014-12-03 11:48:51] EDIT screw_it/views/default/index.html: 0
[2014-12-03 11:48:58] EDIT screw_it/views/default/index.html: 1
[2014-12-03 11:49:26] EDIT screw_it/views/default/index.html: 0
[2014-12-03 11:49:44] EDIT screw_it/views/default/index.html: 0
[2014-12-03 11:49:50] EDIT screw_it/views/default/index.html: -1
[2014-12-03 11:50:28] EDIT screw_it/views/default/index.html: 0
[2014-12-03 11:51:16] EDIT screw_it/views/default/index.html: 0
[2014-12-03 11:51:36] EDIT screw_it/views/default/index.html: 0
[2014-12-03 11:52:18] EDIT screw_it/views/default/index.html: 0
[2014-12-03 11:52:40] EDIT screw_it/views/default/index.html: -8
[2014-12-03 11:52:51] EDIT screw_it/views/default/index.html: 0
[2014-12-03 11:53:12] EDIT screw_it/views/default/index.html: 0
[2014-12-03 11:53:34] EDIT screw_it/views/default/index.html: 0
[2014-12-03 11:53:37] EDIT screw_it/views/default/index.html: 0
[2014-12-03 11:54:54] EDIT screw_it/views/default/index.html: 0
[2014-12-03 11:55:47] EDIT screw_it/views/default/index.html: 2
[2014-12-03 11:56:45] EDIT screw_it/views/default/index.html: 2
[2014-12-03 11:57:17] EDIT screw_it/views/default/index.html: 0
[2014-12-03 12:01:42] EDIT screw_it/views/default/index.html: 0
[2014-12-03 12:02:31] EDIT screw_it/views/default/index.html: 0
[2014-12-03 12:02:45] EDIT screw_it/views/default/index.html: 0
[2014-12-03 12:03:58] EDIT screw_it/views/default/index.html: 1
[2014-12-03 12:06:04] EDIT screw_it/views/default/index.html: 1
[2014-12-03 12:06:15] EDIT screw_it/views/default/index.html: 0
[2014-12-03 12:06:22] EDIT screw_it/views/default/index.html: 0
[2014-12-03 12:06:47] EDIT screw_it/views/default/index.html: 1
[2014-12-03 12:06:54] EDIT screw_it/views/default/index.html: 0
[2014-12-03 12:07:05] EDIT screw_it/views/default/index.html: 0
[2014-12-03 12:09:29] EDIT screw_it/views/default/index.html: 3
[2014-12-03 12:10:22] EDIT screw_it/views/default/index.html: 0
[2014-12-03 12:10:44] EDIT screw_it/views/default/index.html: 0
[2014-12-03 12:11:25] EDIT screw_it/views/default/index.html: 3
[2014-12-03 12:13:21] EDIT screw_it/views/default/index.html: 0
[2014-12-03 16:05:25] EDIT screw_it/views/default/index.html: 2
[2014-12-03 16:06:09] EDIT screw_it/views/default/index.html: 0
[2014-12-03 16:06:23] EDIT screw_it/views/default/index.html: 1
[2014-12-03 16:08:05] EDIT screw_it/views/default/index.html: 1
[2014-12-03 16:08:32] EDIT screw_it/views/default/index.html: 2
[2014-12-03 16:10:26] EDIT screw_it/views/default/index.html: 1
[2014-12-03 16:10:37] EDIT screw_it/views/default/index.html: 0
[2014-12-03 16:10:46] EDIT screw_it/views/default/index.html: 0
[2014-12-03 16:11:26] EDIT screw_it/views/default/index.html: 2
[2014-12-03 16:11:51] EDIT screw_it/views/default/index.html: -2
[2014-12-03 16:12:08] EDIT screw_it/views/default/index.html: 0
[2014-12-03 16:13:10] EDIT screw_it/views/default/index.html: -1
[2014-12-03 16:13:24] EDIT screw_it/controllers/default.py: 0
[2014-12-03 16:13:40] EDIT screw_it/views/default/index.html: -1
[2014-12-03 16:14:14] EDIT screw_it/views/default/index.html: 0
[2014-12-03 16:14:16] EDIT screw_it/views/default/index.html: 0
[2014-12-03 16:15:18] EDIT screw_it/models/hardwarestore.py: 0
[2014-12-03 16:15:26] EDIT screw_it/controllers/default.py: 0
[2014-12-03 16:16:09] EDIT screw_it/models/hardwarestore.py: -1
[2014-12-03 16:16:12] EDIT screw_it/models/hardwarestore.py: 0
[2014-12-03 16:17:03] EDIT screw_it/models/hardwarestore.py: 0
[2014-12-03 16:17:41] EDIT screw_it/models/hardwarestore.py: 1
[2014-12-03 16:18:03] EDIT screw_it/models/hardwarestore.py: 0
[2014-12-03 16:18:12] EDIT screw_it/models/hardwarestore.py: 0
[2014-12-03 16:18:45] EDIT screw_it/models/hardwarestore.py: 0
[2014-12-03 16:19:57] EDIT screw_it/models/hardwarestore.py: 0
[2014-12-03 16:20:06] EDIT screw_it/models/hardwarestore.py: 0
[2014-12-03 16:20:11] EDIT screw_it/models/hardwarestore.py: 0
[2014-12-03 16:20:42] EDIT screw_it/models/hardwarestore.py: 0
[2014-12-03 16:21:03] EDIT screw_it/models/hardwarestore.py: 0
[2014-12-03 16:21:27] EDIT screw_it/models/hardwarestore.py: 0
[2014-12-03 16:21:31] EDIT screw_it/models/hardwarestore.py: 0
[2014-12-03 16:21:33] EDIT screw_it/models/hardwarestore.py: 0
[2014-12-03 16:21:59] EDIT screw_it/models/hardwarestore.py: 0
[2014-12-03 16:22:47] EDIT screw_it/models/hardwarestore.py: 0
[2014-12-03 16:22:54] EDIT screw_it/models/hardwarestore.py: 0
[2014-12-03 16:26:37] EDIT screw_it/views/default/index.html: 3
[2014-12-03 16:29:24] EDIT screw_it/views/default/index.html: 1
[2014-12-03 16:30:07] EDIT screw_it/views/default/index.html: 1
[2014-12-03 16:30:45] EDIT screw_it/views/default/index.html: 0
[2014-12-03 16:31:11] EDIT screw_it/views/default/index.html: 0
[2014-12-03 16:31:27] EDIT screw_it/controllers/default.py: 3
[2014-12-03 16:31:28] EDIT screw_it/controllers/default.py: 0
[2014-12-03 16:31:31] EDIT screw_it/controllers/default.py: 0
[2014-12-03 16:31:35] EDIT screw_it/controllers/default.py: 0
[2014-12-03 16:31:39] EDIT screw_it/controllers/default.py: 0
[2014-12-03 16:31:50] EDIT screw_it/controllers/default.py: 0
[2014-12-03 16:31:51] EDIT screw_it/controllers/default.py: 0
[2014-12-03 16:31:58] EDIT screw_it/controllers/default.py: 0
[2014-12-03 16:32:00] EDIT screw_it/controllers/default.py: 0
[2014-12-03 16:32:10] EDIT screw_it/controllers/default.py: 0
[2014-12-03 16:32:12] EDIT screw_it/controllers/default.py: 0
[2014-12-03 16:32:14] EDIT screw_it/controllers/default.py: 0
[2014-12-03 16:32:16] EDIT screw_it/controllers/default.py: 0
[2014-12-03 16:32:18] EDIT screw_it/controllers/default.py: 0
[2014-12-03 16:33:27] EDIT screw_it/views/default/index.html: 0
[2014-12-03 16:34:13] EDIT screw_it/views/default/index.html: 0
[2014-12-03 16:34:34] EDIT screw_it/views/default/index.html: 0
[2014-12-03 16:36:34] EDIT screw_it/views/default/index.html: 1
[2014-12-03 16:36:52] EDIT screw_it/views/default/index.html: 0
[2014-12-03 16:37:29] EDIT screw_it/views/default/index.html: 0
[2014-12-03 16:37:56] EDIT screw_it/views/default/index.html: -1
[2014-12-03 16:38:05] EDIT screw_it/views/default/index.html: 0
[2014-12-03 16:38:07] EDIT screw_it/views/default/index.html: 0
[2014-12-03 16:38:16] EDIT screw_it/views/default/index.html: 0
[2014-12-03 16:38:32] EDIT screw_it/views/default/index.html: -1
[2014-12-03 16:38:45] EDIT screw_it/views/default/index.html: 0
[2014-12-03 16:38:54] EDIT screw_it/views/default/index.html: 0
[2014-12-03 16:39:19] EDIT screw_it/controllers/default.py: 0
[2014-12-03 16:39:39] EDIT screw_it/controllers/default.py: 0
[2014-12-03 16:39:46] EDIT screw_it/controllers/default.py: 0
[2014-12-03 16:40:09] EDIT screw_it/controllers/default.py: 0
[2014-12-03 16:42:49] EDIT screw_it/controllers/default.py: 0
[2014-12-03 16:43:00] EDIT screw_it/controllers/default.py: 0
[2014-12-03 16:43:27] EDIT screw_it/models/hardwarestore.py: 0
[2014-12-03 16:44:26] EDIT screw_it/views/default/index.html: 1
[2014-12-03 16:44:41] EDIT screw_it/controllers/default.py: 1
[2014-12-03 16:44:48] EDIT screw_it/controllers/default.py: 0
[2014-12-03 16:45:01] EDIT screw_it/controllers/default.py: 0
[2014-12-03 16:45:21] EDIT screw_it/views/default/index.html: -1
[2014-12-03 16:45:42] EDIT screw_it/controllers/default.py: -1
[2014-12-03 16:46:21] EDIT screw_it/controllers/default.py: 0
[2014-12-03 16:46:38] EDIT screw_it/controllers/default.py: 0
[2014-12-03 16:46:48] EDIT screw_it/controllers/default.py: 0
[2014-12-03 16:47:29] EDIT screw_it/views/default/index.html: -2
[2014-12-03 16:47:49] EDIT screw_it/views/default/index.html: -3
[2014-12-03 16:48:09] EDIT screw_it/views/default/index.html: 0
[2014-12-03 16:48:33] EDIT screw_it/views/default/index.html: 0
[2014-12-03 16:49:32] EDIT screw_it/controllers/default.py: 0
[2014-12-03 16:49:47] EDIT screw_it/controllers/default.py: 0
[2014-12-03 16:50:16] EDIT screw_it/views/default/index.html: 1
[2014-12-03 16:50:27] EDIT screw_it/views/default/index.html: -1
[2014-12-03 16:50:48] EDIT screw_it/views/default/index.html: 1
[2014-12-03 16:51:00] EDIT screw_it/views/default/index.html: 0
[2014-12-03 16:51:04] EDIT screw_it/views/default/index.html: 0
[2014-12-03 16:51:09] EDIT screw_it/views/default/index.html: 0
[2014-12-03 16:51:42] EDIT screw_it/views/default/index.html: 1
[2014-12-03 16:51:54] EDIT screw_it/views/default/index.html: 0
[2014-12-03 16:52:22] EDIT screw_it/views/default/index.html: 0
[2014-12-03 16:52:29] EDIT screw_it/controllers/default.py: 0
[2014-12-03 16:52:56] EDIT screw_it/controllers/default.py: 1
[2014-12-03 16:53:07] EDIT screw_it/controllers/default.py: 0
[2014-12-03 16:53:18] EDIT screw_it/controllers/default.py: 0
[2014-12-03 16:53:29] EDIT screw_it/controllers/default.py: 0
[2014-12-03 16:53:40] EDIT screw_it/controllers/default.py: 0
[2014-12-03 16:54:14] EDIT screw_it/views/default/index.html: 0
[2014-12-03 16:54:21] EDIT screw_it/views/default/index.html: 0
[2014-12-03 16:56:11] EDIT screw_it/views/default/index.html: 0
[2014-12-03 16:56:29] EDIT screw_it/views/default/index.html: -2
[2014-12-03 16:56:49] EDIT screw_it/views/default/index.html: 0
[2014-12-03 16:57:19] EDIT screw_it/views/default/index.html: 0
[2014-12-03 16:57:46] EDIT screw_it/controllers/default.py: -1
[2014-12-03 16:58:29] EDIT screw_it/views/default/index.html: 0
[2014-12-03 16:59:25] EDIT screw_it/views/default/index.html: 0
[2014-12-03 16:59:50] EDIT screw_it/views/default/index.html: 0
[2014-12-03 16:59:53] EDIT screw_it/views/default/index.html: 0
[2014-12-03 16:59:57] EDIT screw_it/controllers/default.py: 0
[2014-12-03 17:00:44] EDIT screw_it/views/default/index.html: 2
[2014-12-03 17:01:52] EDIT screw_it/views/default/index.html: 3
[2014-12-03 17:02:01] EDIT screw_it/views/default/index.html: -1
[2014-12-03 17:02:28] EDIT screw_it/views/default/index.html: 3
[2014-12-03 17:03:01] EDIT screw_it/views/default/index.html: 0
[2014-12-03 17:03:08] EDIT screw_it/controllers/default.py: 0
[2014-12-03 17:03:37] EDIT screw_it/views/default/index.html: 1
[2014-12-03 17:05:37] EDIT screw_it/controllers/default.py: 2
[2014-12-03 17:05:59] EDIT screw_it/controllers/default.py: 0
[2014-12-03 17:06:36] EDIT screw_it/controllers/default.py: 1
[2014-12-03 17:06:49] EDIT screw_it/controllers/default.py: 0
[2014-12-03 17:06:58] EDIT screw_it/controllers/default.py: 0
[2014-12-03 17:07:02] EDIT screw_it/controllers/default.py: 0
[2014-12-03 17:07:18] EDIT screw_it/controllers/default.py: 1
[2014-12-03 17:07:42] EDIT screw_it/controllers/default.py: 1
[2014-12-03 17:07:51] EDIT screw_it/controllers/default.py: 0
[2014-12-03 17:08:05] EDIT screw_it/controllers/default.py: -1
[2014-12-03 17:08:46] EDIT screw_it/controllers/default.py: 0
[2014-12-03 17:09:09] EDIT screw_it/controllers/default.py: 0
[2014-12-03 17:10:32] EDIT screw_it/controllers/default.py: 1
[2014-12-03 17:10:56] EDIT screw_it/controllers/default.py: 0
[2014-12-03 17:11:04] EDIT screw_it/controllers/default.py: 0
[2014-12-03 17:12:07] EDIT screw_it/controllers/default.py: 0
[2014-12-03 17:12:15] EDIT screw_it/controllers/default.py: 0
[2014-12-03 17:12:25] EDIT screw_it/controllers/default.py: 0
[2014-12-03 17:13:04] EDIT screw_it/controllers/default.py: -2
[2014-12-03 17:13:11] EDIT screw_it/controllers/default.py: 1
[2014-12-03 17:13:22] EDIT screw_it/controllers/default.py: 0
[2014-12-03 17:13:24] EDIT screw_it/controllers/default.py: 0
[2014-12-03 17:13:42] EDIT screw_it/controllers/default.py: 0
[2014-12-03 17:15:00] EDIT screw_it/controllers/default.py: 1
[2014-12-03 17:15:35] EDIT screw_it/controllers/default.py: -1
[2014-12-03 17:15:45] EDIT screw_it/controllers/default.py: 0
[2014-12-03 17:16:39] EDIT screw_it/controllers/default.py: 0
[2014-12-03 17:17:04] EDIT screw_it/controllers/default.py: 0
[2014-12-03 17:17:10] EDIT screw_it/controllers/default.py: 0
[2014-12-03 17:18:30] EDIT screw_it/controllers/default.py: 0
[2014-12-03 17:19:09] EDIT screw_it/controllers/default.py: 0
[2014-12-03 17:19:23] EDIT screw_it/views/default/index.html: 0
[2014-12-03 17:19:38] EDIT screw_it/views/default/index.html: 0
[2014-12-03 17:24:07] EDIT screw_it/controllers/default.py: 0
[2014-12-03 17:24:18] EDIT screw_it/controllers/default.py: 0
[2014-12-03 17:24:29] EDIT screw_it/controllers/default.py: 0
[2014-12-03 17:24:59] EDIT screw_it/controllers/default.py: 0
[2014-12-03 17:25:01] EDIT screw_it/controllers/default.py: 0
[2014-12-03 17:25:29] EDIT screw_it/controllers/default.py: 2
[2014-12-03 17:25:33] EDIT screw_it/controllers/default.py: -1
[2014-12-03 17:25:38] EDIT screw_it/controllers/default.py: 0
[2014-12-03 17:25:45] EDIT screw_it/controllers/default.py: 0
[2014-12-03 17:25:54] EDIT screw_it/controllers/default.py: 0
[2014-12-03 17:28:20] EDIT screw_it/controllers/default.py: -2
[2014-12-03 17:29:32] EDIT screw_it/views/default/index.html: 1
[2014-12-03 17:29:52] EDIT screw_it/views/default/index.html: 0
[2014-12-03 17:30:03] EDIT screw_it/views/default/index.html: 0
[2014-12-03 17:30:13] EDIT screw_it/views/default/index.html: 0
[2014-12-03 17:30:42] EDIT screw_it/views/default/index.html: 2
[2014-12-03 17:30:46] EDIT screw_it/views/default/index.html: 0
[2014-12-03 17:30:56] EDIT screw_it/views/default/index.html: 0
[2014-12-03 17:31:05] EDIT screw_it/views/default/index.html: 0
[2014-12-03 17:31:24] EDIT screw_it/views/default/index.html: 0
[2014-12-03 17:31:50] EDIT screw_it/views/default/index.html: 1
[2014-12-03 17:32:23] EDIT screw_it/views/default/index.html: 3
[2014-12-03 17:32:32] EDIT screw_it/views/default/index.html: 0
[2014-12-03 17:32:48] EDIT screw_it/views/default/index.html: 0
[2014-12-03 17:32:54] EDIT screw_it/views/default/index.html: 0
[2014-12-03 17:33:19] EDIT screw_it/views/default/index.html: 1
[2014-12-03 17:33:57] EDIT screw_it/views/default/index.html: 1
[2014-12-03 17:34:00] EDIT screw_it/views/default/index.html: 0
[2014-12-03 17:34:02] EDIT screw_it/views/default/index.html: 0
[2014-12-03 17:34:10] EDIT screw_it/controllers/default.py: 0
[2014-12-03 17:35:10] EDIT screw_it/controllers/default.py: 0
[2014-12-03 17:35:34] EDIT screw_it/views/default/index.html: 11
[2014-12-03 17:35:59] EDIT screw_it/views/default/index.html: -7
[2014-12-03 17:36:17] EDIT screw_it/views/default/index.html: 7
[2014-12-03 17:36:56] EDIT screw_it/views/default/index.html: 0
[2014-12-03 17:38:02] EDIT screw_it/views/default/index.html: 0
[2014-12-03 17:38:35] EDIT screw_it/views/default/index.html: -2
[2014-12-03 17:39:20] EDIT screw_it/views/default/index.html: 1
[2014-12-03 17:41:24] EDIT screw_it/controllers/default.py: 3
[2014-12-03 17:41:45] EDIT screw_it/controllers/default.py: 0
[2014-12-03 17:41:54] EDIT screw_it/controllers/default.py: 0
[2014-12-03 17:42:15] EDIT screw_it/views/default/index.html: 1
[2014-12-03 17:43:16] EDIT screw_it/views/default/index.html: 0
[2014-12-03 17:43:46] EDIT screw_it/views/default/index.html: 1
[2014-12-03 17:44:31] EDIT screw_it/controllers/default.py: 1
[2014-12-03 17:45:48] EDIT screw_it/views/default/index.html: 5
[2014-12-03 17:46:05] EDIT screw_it/views/default/index.html: 0
[2014-12-03 17:47:05] EDIT screw_it/views/default/index.html: 4
[2014-12-03 17:47:43] EDIT screw_it/views/default/index.html: 2
[2014-12-03 17:47:55] EDIT screw_it/views/default/index.html: 0
[2014-12-03 17:48:15] EDIT screw_it/controllers/default.py: 0
[2014-12-03 17:49:09] EDIT screw_it/views/default/index.html: 1
[2014-12-03 17:49:24] EDIT screw_it/views/default/index.html: 0
[2014-12-03 17:49:38] EDIT screw_it/views/default/index.html: 0
[2014-12-03 17:50:54] EDIT screw_it/views/default/index.html: 1
[2014-12-03 17:51:03] EDIT screw_it/views/default/index.html: 1
[2014-12-03 17:51:39] EDIT screw_it/views/default/index.html: 1
[2014-12-03 17:51:44] EDIT screw_it/views/default/index.html: 0
[2014-12-03 17:52:45] EDIT screw_it/views/default/index.html: 0
[2014-12-03 17:53:27] EDIT screw_it/views/default/index.html: 0
[2014-12-03 17:54:58] EDIT screw_it/controllers/default.py: 1
[2014-12-03 17:55:10] EDIT screw_it/views/default/index.html: 1
[2014-12-03 17:56:52] EDIT screw_it/views/default/index.html: 1
[2014-12-03 17:57:00] EDIT screw_it/views/default/index.html: 0
[2014-12-03 17:57:21] EDIT screw_it/views/default/index.html: 1
[2014-12-03 17:57:56] EDIT screw_it/views/default/index.html: 0
[2014-12-03 17:59:37] EDIT screw_it/views/default/index.html: 3
[2014-12-03 17:59:49] EDIT screw_it/views/default/index.html: 0
[2014-12-03 17:59:59] EDIT screw_it/views/default/index.html: 0
[2014-12-03 18:00:25] EDIT screw_it/views/default/index.html: 0
[2014-12-03 18:01:12] EDIT screw_it/views/default/index.html: 0
[2014-12-03 18:01:51] EDIT screw_it/views/default/index.html: 0
[2014-12-03 18:01:59] EDIT screw_it/views/default/index.html: 0
[2014-12-03 18:03:09] EDIT screw_it/views/default/index.html: 0
[2014-12-03 18:04:58] EDIT screw_it/views/default/index.html: 3
[2014-12-03 18:06:00] EDIT screw_it/controllers/default.py: 0
[2014-12-03 18:06:14] EDIT screw_it/views/default/index.html: 1
[2014-12-03 18:06:28] EDIT screw_it/views/default/index.html: 0
[2014-12-03 18:06:49] EDIT screw_it/controllers/default.py: 0
[2014-12-03 18:07:21] EDIT screw_it/controllers/default.py: 0
[2014-12-03 18:08:05] EDIT screw_it/controllers/default.py: 0
[2014-12-03 18:10:03] EDIT screw_it/controllers/default.py: 0
[2014-12-03 18:10:18] EDIT screw_it/controllers/default.py: 0
[2014-12-03 18:10:30] EDIT screw_it/controllers/default.py: 0
[2014-12-03 18:10:48] EDIT screw_it/controllers/default.py: 0
[2014-12-03 18:11:10] EDIT screw_it/controllers/default.py: 0
[2014-12-03 18:12:06] EDIT screw_it/controllers/default.py: 1
[2014-12-03 18:12:43] EDIT screw_it/views/default/index.html: 0
[2014-12-03 18:12:45] EDIT screw_it/views/default/index.html: 0
[2014-12-03 18:12:51] EDIT screw_it/views/default/index.html: -1
[2014-12-03 18:13:03] EDIT screw_it/views/default/index.html: 0
[2014-12-03 18:14:08] EDIT screw_it/views/default/index.html: -1
[2014-12-03 18:14:13] EDIT screw_it/views/default/index.html: -1
[2014-12-03 18:15:06] EDIT screw_it/views/default/index.html: 0
[2014-12-03 18:16:44] EDIT screw_it/views/default/index.html: 1
[2014-12-03 18:17:02] EDIT screw_it/views/default/index.html: 0
[2014-12-03 18:17:16] EDIT screw_it/views/default/index.html: 0
[2014-12-03 18:17:29] EDIT screw_it/views/default/index.html: -1
[2014-12-03 18:17:39] EDIT screw_it/views/default/index.html: -1
[2014-12-03 18:19:01] EDIT screw_it/views/default/index.html: -1
[2014-12-03 18:19:42] EDIT screw_it/views/default/index.html: 1
[2014-12-03 18:20:03] EDIT screw_it/views/default/index.html: 0
[2014-12-03 18:20:44] EDIT screw_it/views/default/index.html: 0
[2014-12-03 18:22:02] EDIT screw_it/views/default/index.html: 1
[2014-12-03 18:22:09] EDIT screw_it/views/default/index.html: 0
[2014-12-03 18:22:35] EDIT screw_it/views/default/index.html: 1
[2014-12-03 18:23:40] EDIT screw_it/views/default/index.html: 0
[2014-12-03 18:24:02] EDIT screw_it/views/default/index.html: 1
[2014-12-03 18:24:31] EDIT screw_it/views/default/index.html: -2
[2014-12-03 18:24:51] EDIT screw_it/views/default/index.html: 0
[2014-12-03 18:24:55] EDIT screw_it/views/default/index.html: 0
[2014-12-03 18:25:13] EDIT screw_it/views/default/index.html: 0
[2014-12-03 18:25:15] EDIT screw_it/views/default/index.html: 0
[2014-12-03 18:25:17] EDIT screw_it/views/default/index.html: 0
[2014-12-03 18:26:21] EDIT screw_it/views/default/index.html: 0
[2014-12-03 18:28:13] EDIT screw_it/views/default/index.html: 0
[2014-12-03 18:29:10] EDIT screw_it/views/default/index.html: -1
[2014-12-03 18:29:48] EDIT screw_it/views/default/index.html: 0
[2014-12-03 18:30:14] EDIT screw_it/views/default/index.html: 0
[2014-12-03 18:30:29] EDIT screw_it/views/default/index.html: -1
[2014-12-03 18:30:43] EDIT screw_it/views/default/index.html: 1
[2014-12-03 18:31:32] EDIT screw_it/views/default/index.html: 0
